


ARM Macro Assembler    Page 1 


    1 00000000         ;            Computer Architectures - 02LSEOV 02LSEOQ   
                                ;
    2 00000000         ; author:   Paolo BERNARDI - Politecnico di Torino      
                            ;
    3 00000000         ; creation:  11 November 2018         ;
    4 00000000         ; last update:  1 Dicember 2020         ;
    5 00000000         ; functionalities:             ;
    6 00000000         ;  nothing but bringing to the reset handler     ;
    7 00000000         
    8 00000000         ; *------- <<< Use Configuration Wizard in Context Menu 
                       >>> ------------------
    9 00000000         
   10 00000000         ; <h> Stack Configuration
   11 00000000         ;   <o> Stack Size (in Bytes) <0x0-0xFFFFFFFF:8>
   12 00000000         ; </h>
   13 00000000         
   14 00000000 00000200 
                       Stack_Size
                               EQU              0x00000200
   15 00000000         
   16 00000000                 AREA             STACK, NOINIT, READWRITE, ALIGN
=3
   17 00000000                 SPACE            Stack_Size/2
   18 00000100         Stack_Mem
                               SPACE            Stack_Size/2
   19 00000200         __initial_sp
   20 00000200         
   21 00000200                 AREA             d, DATA, READWRITE
   22 00000000 00 00 00 
              00 00 00 
              00 00 00 
              00 00 00 
              00 00 00 
              00 00 00 
              00 00 00 
              00 00 00 
              00 00 00 
              00 00 00 
              00 00 00 
              00 00 00 
              00 00 00 
              00 00 00 
              00 00 00 
              00 00 00 
              00 00 00 
              00 00 00 
              00 00 00 
              00 00 00 
              00 00 00 
              00 00 00 
              00 00 00 
              00 00 00 
              00 00 00 
              00 00 00 
              00 00 00 
              00 00 00 
              00 00 00 
              00 00 00 
              00 00 00 



ARM Macro Assembler    Page 2 


              00 00 00 
              00 00 00 
              00 00 00 
              00 00 00 
              00 00 00 
              00 00 00 
              00 00 00 
              00 00 00 
              00 00 00 
              00 00 00 
              00 00 00 
              00 00 00 
              00 00 00 
              00 00 00 
              00 00 00 
              00 00 00 
              00 00 00 
              00 00 00 
              00 00 00 
              00 00 00 
              00 00 00 
              00 00 00 
              00 00 00 
              00 00 00 
              00 00 00 
              00 00 00 
              00 00 00 
              00 00 00 
              00 00 00 
              00 00 00 
              00 00 00 
              00 00 00 
              00 00 00 
              00 00 00 
              00 00 00 
              00 00 00 
              00 00 00 
              00 00 00 
              00 00 00 
              00 00 00 
              00 00 00 
              00 00 00 
              00 00 00 
              00 00 00 
              00 00 00 
              00 00 00 
              00 00 00 
              00 00 00 
              00 00 00 
              00 00 00 
              00 00 00 
              00 00 00 
              00 00 00 
              00 00 00 
              00       DestinationStartAddress
                               SPACE            256
   23 00000100         
   24 00000100                 AREA             s, DATA, READONLY
   25 00000000 01 02 03 



ARM Macro Assembler    Page 3 


              04 05 06 
              07       SourceStartAddress
                               DCB              0x01, 0x02, 0x03, 0x04, 0x05, 0
x06, 0x07
   26 00000007         
   27 00000007         
   28 00000007         
   29 00000007         ; <h> Heap Configuration
   30 00000007         ;   <o>  Heap Size (in Bytes) <0x0-0xFFFFFFFF:8>
   31 00000007         ; </h>
   32 00000007         
   33 00000007 00000200 
                       Heap_Size
                               EQU              0x00000200
   34 00000007         
   35 00000007                 AREA             HEAP, NOINIT, READWRITE, ALIGN=
3
   36 00000000         __heap_base
   37 00000000         Heap_Mem
                               SPACE            Heap_Size
   38 00000200         __heap_limit
   39 00000200         
   40 00000200         
   41 00000200                 PRESERVE8
   42 00000200                 THUMB
   43 00000200         
   44 00000200         
   45 00000200         ; Vector Table Mapped to Address 0 at Reset
   46 00000200         
   47 00000200                 AREA             RESET, DATA, READONLY
   48 00000000                 EXPORT           __Vectors
   49 00000000         ; 0x10000200
   50 00000000 00000000 
                       __Vectors
                               DCD              __initial_sp ; Top of Stack
   51 00000004 00000000        DCD              Reset_Handler ; Reset Handler
   52 00000008 00000000        DCD              NMI_Handler ; NMI Handler
   53 0000000C 00000000        DCD              HardFault_Handler ; Hard Fault 
                                                            Handler
   54 00000010 00000000        DCD              MemManage_Handler 
                                                            ; MPU Fault Handler
                                                            
   55 00000014 00000000        DCD              BusFault_Handler 
                                                            ; Bus Fault Handler
                                                            
   56 00000018 00000000        DCD              UsageFault_Handler ; Usage Faul
                                                            t Handler
   57 0000001C 00000000        DCD              0           ; Reserved
   58 00000020 00000000        DCD              0           ; Reserved
   59 00000024 00000000        DCD              0           ; Reserved
   60 00000028 00000000        DCD              0           ; Reserved
   61 0000002C 00000000        DCD              SVC_Handler ; SVCall Handler
   62 00000030 00000000        DCD              DebugMon_Handler ; Debug Monito
                                                            r Handler
   63 00000034 00000000        DCD              0           ; Reserved
   64 00000038 00000000        DCD              PendSV_Handler ; PendSV Handler
                                                            
   65 0000003C 00000000        DCD              SysTick_Handler 
                                                            ; SysTick Handler



ARM Macro Assembler    Page 4 


   66 00000040         
   67 00000040         ; External Interrupts
   68 00000040 00000000        DCD              WDT_IRQHandler ; 16: Watchdog T
                                                            imer
   69 00000044 00000000        DCD              TIMER0_IRQHandler ; 17: Timer0
   70 00000048 00000000        DCD              TIMER1_IRQHandler ; 18: Timer1
   71 0000004C 00000000        DCD              TIMER2_IRQHandler ; 19: Timer2
   72 00000050 00000000        DCD              TIMER3_IRQHandler ; 20: Timer3
   73 00000054 00000000        DCD              UART0_IRQHandler ; 21: UART0
   74 00000058 00000000        DCD              UART1_IRQHandler ; 22: UART1
   75 0000005C 00000000        DCD              UART2_IRQHandler ; 23: UART2
   76 00000060 00000000        DCD              UART3_IRQHandler ; 24: UART3
   77 00000064 00000000        DCD              PWM1_IRQHandler ; 25: PWM1
   78 00000068 00000000        DCD              I2C0_IRQHandler ; 26: I2C0
   79 0000006C 00000000        DCD              I2C1_IRQHandler ; 27: I2C1
   80 00000070 00000000        DCD              I2C2_IRQHandler ; 28: I2C2
   81 00000074 00000000        DCD              SPI_IRQHandler ; 29: SPI
   82 00000078 00000000        DCD              SSP0_IRQHandler ; 30: SSP0
   83 0000007C 00000000        DCD              SSP1_IRQHandler ; 31: SSP1
   84 00000080 00000000        DCD              PLL0_IRQHandler ; 32: PLL0 Lock
                                                             (Main PLL)
   85 00000084 00000000        DCD              RTC_IRQHandler ; 33: Real Time 
                                                            Clock
   86 00000088 00000000        DCD              EINT0_IRQHandler ; 34: External
                                                             Interrupt 0
   87 0000008C 00000000        DCD              EINT1_IRQHandler ; 35: External
                                                             Interrupt 1
   88 00000090 00000000        DCD              EINT2_IRQHandler ; 36: External
                                                             Interrupt 2
   89 00000094 00000000        DCD              EINT3_IRQHandler ; 37: External
                                                             Interrupt 3
   90 00000098 00000000        DCD              ADC_IRQHandler 
                                                            ; 38: A/D Converter
                                                            
   91 0000009C 00000000        DCD              BOD_IRQHandler ; 39: Brown-Out 
                                                            Detect
   92 000000A0 00000000        DCD              USB_IRQHandler ; 40: USB
   93 000000A4 00000000        DCD              CAN_IRQHandler ; 41: CAN
   94 000000A8 00000000        DCD              DMA_IRQHandler ; 42: General Pu
                                                            rpose DMA
   95 000000AC 00000000        DCD              I2S_IRQHandler ; 43: I2S
   96 000000B0 00000000        DCD              ENET_IRQHandler ; 44: Ethernet
   97 000000B4 00000000        DCD              RIT_IRQHandler ; 45: Repetitive
                                                             Interrupt Timer
   98 000000B8 00000000        DCD              MCPWM_IRQHandler ; 46: Motor Co
                                                            ntrol PWM
   99 000000BC 00000000        DCD              QEI_IRQHandler ; 47: Quadrature
                                                             Encoder Interface
  100 000000C0 00000000        DCD              PLL1_IRQHandler ; 48: PLL1 Lock
                                                             (USB PLL)
  101 000000C4 00000000        DCD              USBActivity_IRQHandler ; 49: US
                                                            B Activity interrup
                                                            t to wakeup
  102 000000C8 00000000        DCD              CANActivity_IRQHandler ; 50: CA
                                                            N Activity interrup
                                                            t to wakeup
  103 000000CC         
  104 000000CC         
  105 000000CC                 IF               :LNOT::DEF:NO_CRP



ARM Macro Assembler    Page 5 


  106 000000CC                 AREA             |.ARM.__at_0x02FC|, CODE, READO
NLY
  107 00000000 FFFFFFFF 
                       CRP_Key DCD              0xFFFFFFFF
  108 00000004                 ENDIF
  109 00000004         
  110 00000004         
  111 00000004                 AREA             |.text|, CODE, READONLY
  112 00000000         
  113 00000000         
  114 00000000         ; Reset Handler
  115 00000000         
  116 00000000         Reset_Handler
                               PROC
  117 00000000                 EXPORT           Reset_Handler             [WEAK
]
  118 00000000         
  119 00000000         ; your code here
  120 00000000         
  121 00000000 F04F 0003       MOV              R0, #3
  122 00000004 F380 8814       MSR              CONTROL, R0
  123 00000008 F8DF D07C       LDR              SP, =Stack_Mem
  124 0000000C F04F 0005       MOV              R0, #5
  125 00000010 F04F 0106       MOV              R1, #6
  126 00000014 F04F 0607       MOV              R6, #7
  127 00000018 481C            LDR              R0, =SourceStartAddress
  128 0000001A 491D            LDR              R1, =DestinationStartAddress
  129 0000001C         
  130 0000001C BF00            nop
  131 0000001E         
  132 0000001E DF06            SVC              0x6         ;0x000000DA
  133 00000020         
  134 00000020 E7FE    InfLoop B                InfLoop
  135 00000022                 ENDP
  136 00000022         
  137 00000022         
  138 00000022         ; Dummy Exception Handlers (infinite loops which can be 
                       modified)
  139 00000022         
  140 00000022         NMI_Handler
                               PROC
  141 00000022                 EXPORT           NMI_Handler               [WEAK
]
  142 00000022 E7FE            B                .
  143 00000024                 ENDP
  145 00000024         HardFault_Handler
                               PROC
  146 00000024                 EXPORT           HardFault_Handler         [WEAK
]
  147 00000024 E7FE            B                .
  148 00000026                 ENDP
  150 00000026         MemManage_Handler
                               PROC
  151 00000026                 EXPORT           MemManage_Handler         [WEAK
]
  152 00000026 E7FE            B                .
  153 00000028                 ENDP
  155 00000028         BusFault_Handler
                               PROC



ARM Macro Assembler    Page 6 


  156 00000028                 EXPORT           BusFault_Handler          [WEAK
]
  157 00000028 E7FE            B                .
  158 0000002A                 ENDP
  160 0000002A         UsageFault_Handler
                               PROC
  161 0000002A                 EXPORT           UsageFault_Handler        [WEAK
]
  162 0000002A E7FE            B                .
  163 0000002C                 ENDP
  164 0000002C         SVC_Handler
                               PROC
  165 0000002C                 EXPORT           SVC_Handler               [WEAK
]
  166 0000002C         
  167 0000002C E92D 50FF       STMFD            SP!, {R0-R7,R12, LR}
  168 00000030 F3EF 8109       MRS              R1, PSP
  169 00000034 6988            LDR              R0, [R1, #24]
  170 00000036 F850 1C04       LDR              R1, [R0, #-4]
  171 0000003A F021 417F       BIC              R1, #0xFF000000
  172 0000003E EA4F 4111       LSR              R1, #16
  173 00000042         
  174 00000042 2908            CMP              R1, #8
  175 00000044 DC06            BGT              prova1
  176 00000046 BFBF 008A       LSLLT            R2, R1, #2
  177 0000004A EB0D 0302       ADDLT            R3, SP, R2
  178 0000004E 2400            MOVLT            R4, #0
  179 00000050 601C            STRLT            R4, [R3]
  180 00000052 DB12            BLT              uscita
  181 00000054         
  182 00000054 F011 0210 
                       prova1  ANDS             R2, R1, #0x10 ;valore con cui f
                                                            are la AND per NOP
  183 00000058 D10F            BNE              uscita
  184 0000005A         
  185 0000005A F011 02C0       ANDS             R2, R1, #0xC0 ;valore con cui f
                                                            are la AND per MEMC
                                                            PY
  186 0000005E D00C            BEQ              uscita
  187 00000060         
  188 00000060 BF18 F001 
              033F             ANDNE            R3, R1, #0x3F
  189 00000066         
  190 00000066 9C00            LDR              R4, [SP]
  191 00000068 9D01            LDR              R5, [SP,#4]
  192 0000006A         
  193 0000006A         
  194 0000006A 7826    sposta  LDRB             R6, [R4]
  195 0000006C 702E            STRB             R6, [R5]
  196 0000006E F104 0401       ADD              R4, R4, #1
  197 00000072 F105 0501       ADD              R5, R5, #1
  198 00000076         
  199 00000076 1E5B            SUBS             R3, R3, #1
  200 00000078 D1F7            BNE              sposta
  201 0000007A         
  202 0000007A E8BD 50FF 
                       uscita  LDMFD            SP!, {R0-R7,R12, LR}
  203 0000007E 4770            BX               LR
  204 00000080         



ARM Macro Assembler    Page 7 


  205 00000080                 ENDP
  207 00000080         DebugMon_Handler
                               PROC
  208 00000080                 EXPORT           DebugMon_Handler          [WEAK
]
  209 00000080 E7FE            B                .
  210 00000082                 ENDP
  211 00000082         PendSV_Handler
                               PROC
  212 00000082                 EXPORT           PendSV_Handler            [WEAK
]
  213 00000082 E7FE            B                .
  214 00000084                 ENDP
  215 00000084         SysTick_Handler
                               PROC
  216 00000084                 EXPORT           SysTick_Handler           [WEAK
]
  217 00000084 E7FE            B                .
  218 00000086                 ENDP
  219 00000086         
  220 00000086         Default_Handler
                               PROC
  221 00000086         
  222 00000086                 EXPORT           WDT_IRQHandler            [WEAK
]
  223 00000086                 EXPORT           TIMER0_IRQHandler         [WEAK
]
  224 00000086                 EXPORT           TIMER1_IRQHandler         [WEAK
]
  225 00000086                 EXPORT           TIMER2_IRQHandler         [WEAK
]
  226 00000086                 EXPORT           TIMER3_IRQHandler         [WEAK
]
  227 00000086                 EXPORT           UART0_IRQHandler          [WEAK
]
  228 00000086                 EXPORT           UART1_IRQHandler          [WEAK
]
  229 00000086                 EXPORT           UART2_IRQHandler          [WEAK
]
  230 00000086                 EXPORT           UART3_IRQHandler          [WEAK
]
  231 00000086                 EXPORT           PWM1_IRQHandler           [WEAK
]
  232 00000086                 EXPORT           I2C0_IRQHandler           [WEAK
]
  233 00000086                 EXPORT           I2C1_IRQHandler           [WEAK
]
  234 00000086                 EXPORT           I2C2_IRQHandler           [WEAK
]
  235 00000086                 EXPORT           SPI_IRQHandler            [WEAK
]
  236 00000086                 EXPORT           SSP0_IRQHandler           [WEAK
]
  237 00000086                 EXPORT           SSP1_IRQHandler           [WEAK
]
  238 00000086                 EXPORT           PLL0_IRQHandler           [WEAK
]
  239 00000086                 EXPORT           RTC_IRQHandler            [WEAK
]



ARM Macro Assembler    Page 8 


  240 00000086                 EXPORT           EINT0_IRQHandler          [WEAK
]
  241 00000086                 EXPORT           EINT1_IRQHandler          [WEAK
]
  242 00000086                 EXPORT           EINT2_IRQHandler          [WEAK
]
  243 00000086                 EXPORT           EINT3_IRQHandler          [WEAK
]
  244 00000086                 EXPORT           ADC_IRQHandler            [WEAK
]
  245 00000086                 EXPORT           BOD_IRQHandler            [WEAK
]
  246 00000086                 EXPORT           USB_IRQHandler            [WEAK
]
  247 00000086                 EXPORT           CAN_IRQHandler            [WEAK
]
  248 00000086                 EXPORT           DMA_IRQHandler            [WEAK
]
  249 00000086                 EXPORT           I2S_IRQHandler            [WEAK
]
  250 00000086                 EXPORT           ENET_IRQHandler           [WEAK
]
  251 00000086                 EXPORT           RIT_IRQHandler            [WEAK
]
  252 00000086                 EXPORT           MCPWM_IRQHandler          [WEAK
]
  253 00000086                 EXPORT           QEI_IRQHandler            [WEAK
]
  254 00000086                 EXPORT           PLL1_IRQHandler           [WEAK
]
  255 00000086                 EXPORT           USBActivity_IRQHandler    [WEAK
]
  256 00000086                 EXPORT           CANActivity_IRQHandler    [WEAK
]
  257 00000086         
  258 00000086         WDT_IRQHandler
  259 00000086         TIMER0_IRQHandler
  260 00000086         TIMER1_IRQHandler
  261 00000086         TIMER2_IRQHandler
  262 00000086         TIMER3_IRQHandler
  263 00000086         UART0_IRQHandler
  264 00000086         UART1_IRQHandler
  265 00000086         UART2_IRQHandler
  266 00000086         UART3_IRQHandler
  267 00000086         PWM1_IRQHandler
  268 00000086         I2C0_IRQHandler
  269 00000086         I2C1_IRQHandler
  270 00000086         I2C2_IRQHandler
  271 00000086         SPI_IRQHandler
  272 00000086         SSP0_IRQHandler
  273 00000086         SSP1_IRQHandler
  274 00000086         PLL0_IRQHandler
  275 00000086         RTC_IRQHandler
  276 00000086         EINT0_IRQHandler
  277 00000086         EINT1_IRQHandler
  278 00000086         EINT2_IRQHandler
  279 00000086         EINT3_IRQHandler
  280 00000086         ADC_IRQHandler
  281 00000086         BOD_IRQHandler



ARM Macro Assembler    Page 9 


  282 00000086         USB_IRQHandler
  283 00000086         CAN_IRQHandler
  284 00000086         DMA_IRQHandler
  285 00000086         I2S_IRQHandler
  286 00000086         ENET_IRQHandler
  287 00000086         RIT_IRQHandler
  288 00000086         MCPWM_IRQHandler
  289 00000086         QEI_IRQHandler
  290 00000086         PLL1_IRQHandler
  291 00000086         USBActivity_IRQHandler
  292 00000086         CANActivity_IRQHandler
  293 00000086         
  294 00000086 E7FE            B                .
  295 00000088         
  296 00000088                 ENDP
  297 00000088         
  298 00000088         
  299 00000088                 ALIGN
  300 00000088         
  301 00000088         
  302 00000088         ; User Initial Stack & Heap
  303 00000088         
  304 00000088                 EXPORT           __initial_sp
  305 00000088                 EXPORT           __heap_base
  306 00000088                 EXPORT           __heap_limit
  307 00000088         
  308 00000088                 END
              00000000 
              00000000 
              00000000 
Command Line: --debug --xref --diag_suppress=9931 --cpu=Cortex-M3 --apcs=interw
ork --depend=.\template.d -o.\template.o -I.\RTE\_Target_1 -IC:\Users\luigi\App
Data\Local\Arm\Packs\ARM\CMSIS\5.9.0\CMSIS\Core\Include -IC:\Users\luigi\AppDat
a\Local\Arm\Packs\Keil\LPC1700_DFP\2.7.1\Device\Include --predefine="__EVAL SET
A 1" --predefine="__UVISION_VERSION SETA 538" --predefine="_RTE_ SETA 1" --pred
efine="LPC175x_6x SETA 1" --predefine="_RTE_ SETA 1" --list=.\template.lst temp
late.s



ARM Macro Assembler    Page 1 Alphabetic symbol ordering
Relocatable symbols

STACK 00000000

Symbol: STACK
   Definitions
      At line 16 in file template.s
   Uses
      None
Comment: STACK unused
Stack_Mem 00000100

Symbol: Stack_Mem
   Definitions
      At line 18 in file template.s
   Uses
      At line 123 in file template.s
Comment: Stack_Mem used once
__initial_sp 00000200

Symbol: __initial_sp
   Definitions
      At line 19 in file template.s
   Uses
      At line 50 in file template.s
      At line 304 in file template.s

3 symbols



ARM Macro Assembler    Page 1 Alphabetic symbol ordering
Relocatable symbols

DestinationStartAddress 00000000

Symbol: DestinationStartAddress
   Definitions
      At line 22 in file template.s
   Uses
      At line 128 in file template.s
Comment: DestinationStartAddress used once
d 00000000

Symbol: d
   Definitions
      At line 21 in file template.s
   Uses
      None
Comment: d unused
2 symbols



ARM Macro Assembler    Page 1 Alphabetic symbol ordering
Relocatable symbols

SourceStartAddress 00000000

Symbol: SourceStartAddress
   Definitions
      At line 25 in file template.s
   Uses
      At line 127 in file template.s
Comment: SourceStartAddress used once
s 00000000

Symbol: s
   Definitions
      At line 24 in file template.s
   Uses
      None
Comment: s unused
2 symbols



ARM Macro Assembler    Page 1 Alphabetic symbol ordering
Relocatable symbols

HEAP 00000000

Symbol: HEAP
   Definitions
      At line 35 in file template.s
   Uses
      None
Comment: HEAP unused
Heap_Mem 00000000

Symbol: Heap_Mem
   Definitions
      At line 37 in file template.s
   Uses
      None
Comment: Heap_Mem unused
__heap_base 00000000

Symbol: __heap_base
   Definitions
      At line 36 in file template.s
   Uses
      At line 305 in file template.s
Comment: __heap_base used once
__heap_limit 00000200

Symbol: __heap_limit
   Definitions
      At line 38 in file template.s
   Uses
      At line 306 in file template.s
Comment: __heap_limit used once
4 symbols



ARM Macro Assembler    Page 1 Alphabetic symbol ordering
Relocatable symbols

RESET 00000000

Symbol: RESET
   Definitions
      At line 47 in file template.s
   Uses
      None
Comment: RESET unused
__Vectors 00000000

Symbol: __Vectors
   Definitions
      At line 50 in file template.s
   Uses
      At line 48 in file template.s
Comment: __Vectors used once
2 symbols



ARM Macro Assembler    Page 1 Alphabetic symbol ordering
Relocatable symbols

.ARM.__at_0x02FC 00000000

Symbol: .ARM.__at_0x02FC
   Definitions
      At line 106 in file template.s
   Uses
      None
Comment: .ARM.__at_0x02FC unused
CRP_Key 00000000

Symbol: CRP_Key
   Definitions
      At line 107 in file template.s
   Uses
      None
Comment: CRP_Key unused
2 symbols



ARM Macro Assembler    Page 1 Alphabetic symbol ordering
Relocatable symbols

.text 00000000

Symbol: .text
   Definitions
      At line 111 in file template.s
   Uses
      None
Comment: .text unused
ADC_IRQHandler 00000086

Symbol: ADC_IRQHandler
   Definitions
      At line 280 in file template.s
   Uses
      At line 90 in file template.s
      At line 244 in file template.s

BOD_IRQHandler 00000086

Symbol: BOD_IRQHandler
   Definitions
      At line 281 in file template.s
   Uses
      At line 91 in file template.s
      At line 245 in file template.s

BusFault_Handler 00000028

Symbol: BusFault_Handler
   Definitions
      At line 155 in file template.s
   Uses
      At line 55 in file template.s
      At line 156 in file template.s

CANActivity_IRQHandler 00000086

Symbol: CANActivity_IRQHandler
   Definitions
      At line 292 in file template.s
   Uses
      At line 102 in file template.s
      At line 256 in file template.s

CAN_IRQHandler 00000086

Symbol: CAN_IRQHandler
   Definitions
      At line 283 in file template.s
   Uses
      At line 93 in file template.s
      At line 247 in file template.s

DMA_IRQHandler 00000086

Symbol: DMA_IRQHandler
   Definitions
      At line 284 in file template.s
   Uses



ARM Macro Assembler    Page 2 Alphabetic symbol ordering
Relocatable symbols

      At line 94 in file template.s
      At line 248 in file template.s

DebugMon_Handler 00000080

Symbol: DebugMon_Handler
   Definitions
      At line 207 in file template.s
   Uses
      At line 62 in file template.s
      At line 208 in file template.s

Default_Handler 00000086

Symbol: Default_Handler
   Definitions
      At line 220 in file template.s
   Uses
      None
Comment: Default_Handler unused
EINT0_IRQHandler 00000086

Symbol: EINT0_IRQHandler
   Definitions
      At line 276 in file template.s
   Uses
      At line 86 in file template.s
      At line 240 in file template.s

EINT1_IRQHandler 00000086

Symbol: EINT1_IRQHandler
   Definitions
      At line 277 in file template.s
   Uses
      At line 87 in file template.s
      At line 241 in file template.s

EINT2_IRQHandler 00000086

Symbol: EINT2_IRQHandler
   Definitions
      At line 278 in file template.s
   Uses
      At line 88 in file template.s
      At line 242 in file template.s

EINT3_IRQHandler 00000086

Symbol: EINT3_IRQHandler
   Definitions
      At line 279 in file template.s
   Uses
      At line 89 in file template.s
      At line 243 in file template.s

ENET_IRQHandler 00000086

Symbol: ENET_IRQHandler



ARM Macro Assembler    Page 3 Alphabetic symbol ordering
Relocatable symbols

   Definitions
      At line 286 in file template.s
   Uses
      At line 96 in file template.s
      At line 250 in file template.s

HardFault_Handler 00000024

Symbol: HardFault_Handler
   Definitions
      At line 145 in file template.s
   Uses
      At line 53 in file template.s
      At line 146 in file template.s

I2C0_IRQHandler 00000086

Symbol: I2C0_IRQHandler
   Definitions
      At line 268 in file template.s
   Uses
      At line 78 in file template.s
      At line 232 in file template.s

I2C1_IRQHandler 00000086

Symbol: I2C1_IRQHandler
   Definitions
      At line 269 in file template.s
   Uses
      At line 79 in file template.s
      At line 233 in file template.s

I2C2_IRQHandler 00000086

Symbol: I2C2_IRQHandler
   Definitions
      At line 270 in file template.s
   Uses
      At line 80 in file template.s
      At line 234 in file template.s

I2S_IRQHandler 00000086

Symbol: I2S_IRQHandler
   Definitions
      At line 285 in file template.s
   Uses
      At line 95 in file template.s
      At line 249 in file template.s

InfLoop 00000020

Symbol: InfLoop
   Definitions
      At line 134 in file template.s
   Uses
      At line 134 in file template.s
Comment: InfLoop used once



ARM Macro Assembler    Page 4 Alphabetic symbol ordering
Relocatable symbols

MCPWM_IRQHandler 00000086

Symbol: MCPWM_IRQHandler
   Definitions
      At line 288 in file template.s
   Uses
      At line 98 in file template.s
      At line 252 in file template.s

MemManage_Handler 00000026

Symbol: MemManage_Handler
   Definitions
      At line 150 in file template.s
   Uses
      At line 54 in file template.s
      At line 151 in file template.s

NMI_Handler 00000022

Symbol: NMI_Handler
   Definitions
      At line 140 in file template.s
   Uses
      At line 52 in file template.s
      At line 141 in file template.s

PLL0_IRQHandler 00000086

Symbol: PLL0_IRQHandler
   Definitions
      At line 274 in file template.s
   Uses
      At line 84 in file template.s
      At line 238 in file template.s

PLL1_IRQHandler 00000086

Symbol: PLL1_IRQHandler
   Definitions
      At line 290 in file template.s
   Uses
      At line 100 in file template.s
      At line 254 in file template.s

PWM1_IRQHandler 00000086

Symbol: PWM1_IRQHandler
   Definitions
      At line 267 in file template.s
   Uses
      At line 77 in file template.s
      At line 231 in file template.s

PendSV_Handler 00000082

Symbol: PendSV_Handler
   Definitions
      At line 211 in file template.s



ARM Macro Assembler    Page 5 Alphabetic symbol ordering
Relocatable symbols

   Uses
      At line 64 in file template.s
      At line 212 in file template.s

QEI_IRQHandler 00000086

Symbol: QEI_IRQHandler
   Definitions
      At line 289 in file template.s
   Uses
      At line 99 in file template.s
      At line 253 in file template.s

RIT_IRQHandler 00000086

Symbol: RIT_IRQHandler
   Definitions
      At line 287 in file template.s
   Uses
      At line 97 in file template.s
      At line 251 in file template.s

RTC_IRQHandler 00000086

Symbol: RTC_IRQHandler
   Definitions
      At line 275 in file template.s
   Uses
      At line 85 in file template.s
      At line 239 in file template.s

Reset_Handler 00000000

Symbol: Reset_Handler
   Definitions
      At line 116 in file template.s
   Uses
      At line 51 in file template.s
      At line 117 in file template.s

SPI_IRQHandler 00000086

Symbol: SPI_IRQHandler
   Definitions
      At line 271 in file template.s
   Uses
      At line 81 in file template.s
      At line 235 in file template.s

SSP0_IRQHandler 00000086

Symbol: SSP0_IRQHandler
   Definitions
      At line 272 in file template.s
   Uses
      At line 82 in file template.s
      At line 236 in file template.s

SSP1_IRQHandler 00000086



ARM Macro Assembler    Page 6 Alphabetic symbol ordering
Relocatable symbols


Symbol: SSP1_IRQHandler
   Definitions
      At line 273 in file template.s
   Uses
      At line 83 in file template.s
      At line 237 in file template.s

SVC_Handler 0000002C

Symbol: SVC_Handler
   Definitions
      At line 164 in file template.s
   Uses
      At line 61 in file template.s
      At line 165 in file template.s

SysTick_Handler 00000084

Symbol: SysTick_Handler
   Definitions
      At line 215 in file template.s
   Uses
      At line 65 in file template.s
      At line 216 in file template.s

TIMER0_IRQHandler 00000086

Symbol: TIMER0_IRQHandler
   Definitions
      At line 259 in file template.s
   Uses
      At line 69 in file template.s
      At line 223 in file template.s

TIMER1_IRQHandler 00000086

Symbol: TIMER1_IRQHandler
   Definitions
      At line 260 in file template.s
   Uses
      At line 70 in file template.s
      At line 224 in file template.s

TIMER2_IRQHandler 00000086

Symbol: TIMER2_IRQHandler
   Definitions
      At line 261 in file template.s
   Uses
      At line 71 in file template.s
      At line 225 in file template.s

TIMER3_IRQHandler 00000086

Symbol: TIMER3_IRQHandler
   Definitions
      At line 262 in file template.s
   Uses



ARM Macro Assembler    Page 7 Alphabetic symbol ordering
Relocatable symbols

      At line 72 in file template.s
      At line 226 in file template.s

UART0_IRQHandler 00000086

Symbol: UART0_IRQHandler
   Definitions
      At line 263 in file template.s
   Uses
      At line 73 in file template.s
      At line 227 in file template.s

UART1_IRQHandler 00000086

Symbol: UART1_IRQHandler
   Definitions
      At line 264 in file template.s
   Uses
      At line 74 in file template.s
      At line 228 in file template.s

UART2_IRQHandler 00000086

Symbol: UART2_IRQHandler
   Definitions
      At line 265 in file template.s
   Uses
      At line 75 in file template.s
      At line 229 in file template.s

UART3_IRQHandler 00000086

Symbol: UART3_IRQHandler
   Definitions
      At line 266 in file template.s
   Uses
      At line 76 in file template.s
      At line 230 in file template.s

USBActivity_IRQHandler 00000086

Symbol: USBActivity_IRQHandler
   Definitions
      At line 291 in file template.s
   Uses
      At line 101 in file template.s
      At line 255 in file template.s

USB_IRQHandler 00000086

Symbol: USB_IRQHandler
   Definitions
      At line 282 in file template.s
   Uses
      At line 92 in file template.s
      At line 246 in file template.s

UsageFault_Handler 0000002A




ARM Macro Assembler    Page 8 Alphabetic symbol ordering
Relocatable symbols

Symbol: UsageFault_Handler
   Definitions
      At line 160 in file template.s
   Uses
      At line 56 in file template.s
      At line 161 in file template.s

WDT_IRQHandler 00000086

Symbol: WDT_IRQHandler
   Definitions
      At line 258 in file template.s
   Uses
      At line 68 in file template.s
      At line 222 in file template.s

prova1 00000054

Symbol: prova1
   Definitions
      At line 182 in file template.s
   Uses
      At line 175 in file template.s
Comment: prova1 used once
sposta 0000006A

Symbol: sposta
   Definitions
      At line 194 in file template.s
   Uses
      At line 200 in file template.s
Comment: sposta used once
uscita 0000007A

Symbol: uscita
   Definitions
      At line 202 in file template.s
   Uses
      At line 180 in file template.s
      At line 183 in file template.s
      At line 186 in file template.s

51 symbols



ARM Macro Assembler    Page 1 Alphabetic symbol ordering
Absolute symbols

Heap_Size 00000200

Symbol: Heap_Size
   Definitions
      At line 33 in file template.s
   Uses
      At line 37 in file template.s
Comment: Heap_Size used once
Stack_Size 00000200

Symbol: Stack_Size
   Definitions
      At line 14 in file template.s
   Uses
      At line 17 in file template.s
      At line 18 in file template.s

2 symbols
406 symbols in table
