


ARM Macro Assembler    Page 1 


    1 00000000         ;/******************************************************
                       ********************//**
    2 00000000         ; * @file     startup_LPC17xx.s
    3 00000000         ; * @brief    CMSIS Cortex-M3 Core Device Startup File f
                       or
    4 00000000         ; *           NXP LPC17xx Device Series
    5 00000000         ; * @version  V1.10
    6 00000000         ; * @date     06. April 2011
    7 00000000         ; *
    8 00000000         ; * @note
    9 00000000         ; * Copyright (C) 2009-2011 ARM Limited. All rights rese
                       rved.
   10 00000000         ; *
   11 00000000         ; * @par
   12 00000000         ; * ARM Limited (ARM) is supplying this software for use
                        with Cortex-M
   13 00000000         ; * processor based microcontrollers.  This file can be 
                       freely distributed
   14 00000000         ; * within development tools that are supporting such AR
                       M based processors.
   15 00000000         ; *
   16 00000000         ; * @par
   17 00000000         ; * THIS SOFTWARE IS PROVIDED "AS IS".  NO WARRANTIES, W
                       HETHER EXPRESS, IMPLIED
   18 00000000         ; * OR STATUTORY, INCLUDING, BUT NOT LIMITED TO, IMPLIED
                        WARRANTIES OF
   19 00000000         ; * MERCHANTABILITY AND FITNESS FOR A PARTICULAR PURPOSE
                        APPLY TO THIS SOFTWARE.
   20 00000000         ; * ARM SHALL NOT, IN ANY CIRCUMSTANCES, BE LIABLE FOR S
                       PECIAL, INCIDENTAL, OR
   21 00000000         ; * CONSEQUENTIAL DAMAGES, FOR ANY REASON WHATSOEVER.
   22 00000000         ; *
   23 00000000         ; ******************************************************
                       ************************/
   24 00000000         
   25 00000000         ; *------- <<< Use Configuration Wizard in Context Menu 
                       >>> ------------------
   26 00000000         
   27 00000000         ; <h> Stack Configuration
   28 00000000         ;   <o> Stack Size (in Bytes) <0x0-0xFFFFFFFF:8>
   29 00000000         ; </h>
   30 00000000         
   31 00000000 00000200 
                       Stack_Size
                               EQU              0x00000200
   32 00000000         
   33 00000000                 AREA             STACK, NOINIT, READWRITE, ALIGN
=3
   34 00000000         Stack_Mem
                               SPACE            Stack_Size
   35 00000200         __initial_sp
   36 00000200         
   37 00000200         
   38 00000200         ; <h> Heap Configuration
   39 00000200         ;   <o>  Heap Size (in Bytes) <0x0-0xFFFFFFFF:8>
   40 00000200         ; </h>
   41 00000200         
   42 00000200 00000200 
                       Heap_Size



ARM Macro Assembler    Page 2 


                               EQU              0x00000200
   43 00000200         
   44 00000200                 AREA             HEAP, NOINIT, READWRITE, ALIGN=
3 
                                                            ; 2*3
   45 00000000         __heap_base
   46 00000000         Heap_Mem
                               SPACE            Heap_Size
   47 00000200         __heap_limit
   48 00000200         
   49 00000200         
   50 00000200                 PRESERVE8
   51 00000200                 THUMB
   52 00000200         
   53 00000200         
   54 00000200         ; Vector Table Mapped to Address 0 at Reset
   55 00000200         
   56 00000200                 AREA             RESET, DATA, READONLY
   57 00000000                 EXPORT           __Vectors
   58 00000000         
   59 00000000 00000000 
                       __Vectors
                               DCD              __initial_sp ; Top of Stack
   60 00000004 00000000        DCD              Reset_Handler ; Reset Handler
   61 00000008 00000000        DCD              NMI_Handler ; NMI Handler
   62 0000000C 00000000        DCD              HardFault_Handler ; Hard Fault 
                                                            Handler
   63 00000010 00000000        DCD              MemManage_Handler 
                                                            ; MPU Fault Handler
                                                            
   64 00000014 00000000        DCD              BusFault_Handler 
                                                            ; Bus Fault Handler
                                                            
   65 00000018 00000000        DCD              UsageFault_Handler ; Usage Faul
                                                            t Handler
   66 0000001C 00000000        DCD              0           ; Reserved
   67 00000020 00000000        DCD              0           ; Reserved
   68 00000024 00000000        DCD              0           ; Reserved
   69 00000028 00000000        DCD              0           ; Reserved
   70 0000002C 00000000        DCD              SVC_Handler ; SVCall Handler
   71 00000030 00000000        DCD              DebugMon_Handler ; Debug Monito
                                                            r Handler
   72 00000034 00000000        DCD              0           ; Reserved
   73 00000038 00000000        DCD              PendSV_Handler ; PendSV Handler
                                                            
   74 0000003C 00000000        DCD              SysTick_Handler 
                                                            ; SysTick Handler
   75 00000040         
   76 00000040         ; External Interrupts
   77 00000040 00000000        DCD              WDT_IRQHandler ; 16: Watchdog T
                                                            imer
   78 00000044 00000000        DCD              TIMER0_IRQHandler ; 17: Timer0
   79 00000048 00000000        DCD              TIMER1_IRQHandler ; 18: Timer1
   80 0000004C 00000000        DCD              TIMER2_IRQHandler ; 19: Timer2
   81 00000050 00000000        DCD              TIMER3_IRQHandler ; 20: Timer3
   82 00000054 00000000        DCD              UART0_IRQHandler ; 21: UART0
   83 00000058 00000000        DCD              UART1_IRQHandler ; 22: UART1
   84 0000005C 00000000        DCD              UART2_IRQHandler ; 23: UART2
   85 00000060 00000000        DCD              UART3_IRQHandler ; 24: UART3



ARM Macro Assembler    Page 3 


   86 00000064 00000000        DCD              PWM1_IRQHandler ; 25: PWM1
   87 00000068 00000000        DCD              I2C0_IRQHandler ; 26: I2C0
   88 0000006C 00000000        DCD              I2C1_IRQHandler ; 27: I2C1
   89 00000070 00000000        DCD              I2C2_IRQHandler ; 28: I2C2
   90 00000074 00000000        DCD              SPI_IRQHandler ; 29: SPI
   91 00000078 00000000        DCD              SSP0_IRQHandler ; 30: SSP0
   92 0000007C 00000000        DCD              SSP1_IRQHandler ; 31: SSP1
   93 00000080 00000000        DCD              PLL0_IRQHandler ; 32: PLL0 Lock
                                                             (Main PLL)
   94 00000084 00000000        DCD              RTC_IRQHandler ; 33: Real Time 
                                                            Clock
   95 00000088 00000000        DCD              EINT0_IRQHandler ; 34: External
                                                             Interrupt 0
   96 0000008C 00000000        DCD              EINT1_IRQHandler ; 35: External
                                                             Interrupt 1
   97 00000090 00000000        DCD              EINT2_IRQHandler ; 36: External
                                                             Interrupt 2
   98 00000094 00000000        DCD              EINT3_IRQHandler ; 37: External
                                                             Interrupt 3
   99 00000098 00000000        DCD              ADC_IRQHandler 
                                                            ; 38: A/D Converter
                                                            
  100 0000009C 00000000        DCD              BOD_IRQHandler ; 39: Brown-Out 
                                                            Detect
  101 000000A0 00000000        DCD              USB_IRQHandler ; 40: USB
  102 000000A4 00000000        DCD              CAN_IRQHandler ; 41: CAN
  103 000000A8 00000000        DCD              DMA_IRQHandler ; 42: General Pu
                                                            rpose DMA
  104 000000AC 00000000        DCD              I2S_IRQHandler ; 43: I2S
  105 000000B0 00000000        DCD              ENET_IRQHandler ; 44: Ethernet
  106 000000B4 00000000        DCD              RIT_IRQHandler ; 45: Repetitive
                                                             Interrupt Timer
  107 000000B8 00000000        DCD              MCPWM_IRQHandler ; 46: Motor Co
                                                            ntrol PWM
  108 000000BC 00000000        DCD              QEI_IRQHandler ; 47: Quadrature
                                                             Encoder Interface
  109 000000C0 00000000        DCD              PLL1_IRQHandler ; 48: PLL1 Lock
                                                             (USB PLL)
  110 000000C4 00000000        DCD              USBActivity_IRQHandler ; 49: US
                                                            B Activity interrup
                                                            t to wakeup
  111 000000C8 00000000        DCD              CANActivity_IRQHandler ; 50: CA
                                                            N Activity interrup
                                                            t to wakeup
  112 000000CC         
  113 000000CC         
  114 000000CC                 IF               :LNOT::DEF:NO_CRP
  115 000000CC                 AREA             |.ARM.__at_0x02FC|, CODE, READO
NLY
  116 00000000 FFFFFFFF 
                       CRP_Key DCD              0xFFFFFFFF
  117 00000004                 ENDIF
  118 00000004         
  119 00000004         
  120 00000004        2 
                       var     RN               2
  121 00000004         
  122 00000004         
  123 00000004                 AREA             dati, DATA, READWRITE



ARM Macro Assembler    Page 4 


  124 00000000 00 00 00 
              00 00 00 
              00 00 00 
              00 00 00 
              00 00 00 
              00 00 00 
              00 00 00 
              00 00 00 
              00 00 00 
              00       Consumo SPACE            28
  125 0000001C         
  126 0000001C         
  127 0000001C                 AREA             |.text|, CODE, READONLY
  128 00000000         ; Reset Handler
  129 00000000 01 02 03 
              04 05 06 
              07       Days    DCB              0x01, 0x02, 0x03, 0x04, 0x05, 0
x06, 0x07
  130 00000007 00 00000006 
              00000514 
              00000003 
              000006A4 
              00000002 
              000004B0 
              00000004 
              0000076C Calories_food
                               DCD              0x06, 1300, 0x03, 1700, 0x02, 1
200, 0x04, 1900
  131 00000028 00000005 
              00000456 
              00000001 
              00000686 
              00000007 
              000003E8         DCD              0x05, 1110, 0x01, 1670, 0x07, 1
000
  132 00000040 00000002 
              000001F4 
              00000005 
              00000320 
              00000006 
              00000190 Calories_sport
                               DCD              0x02, 500, 0x05, 800, 0x06, 400
  133 00000058         
  134 00000058 07      Num_days
                               DCB              7
  135 00000059 03      Num_days_sport
                               DCB              3
  136 0000005A         
  137 0000005A         Reset_Handler
                               PROC
  138 0000005A                 EXPORT           Reset_Handler             [WEAK
]
  139 0000005A         
  140 0000005A F04F 0007       MOV              R0, #0x7
  141 0000005E F04F 0100       MOV              R1, #0x0
  142 00000062 F04F 0204       MOV              R2, #4
  143 00000066 4C1A            LDR              R4, =Calories_food ;inserisco i
                                                            n R4 l'indirizzo ch
                                                            e puntava Calories_



ARM Macro Assembler    Page 5 


                                                            food
  144 00000068         
  145 00000068 4B1A    riempi  LDR              R3, =Consumo ;prendo ogni volta
                                                             il valore del prim
                                                            o giorno
  146 0000006A 6825            LDR              R5, [R4]    ;inserisco in R5 il
                                                             valore all'indiriz
                                                            zo che si trovava i
                                                            n R4
  147 0000006C EA4F 0685       LSL              R6, R5, #2  ;moltiplico il byte
                                                             giorno per 4 e tro
                                                            vare l'indice in co
                                                            nsumo
  148 00000070 F1A6 0604       SUB              R6, R6, #4  ;sottraggo il primo
                                                             giorno per trovare
                                                             l'indice corretto 
                                                            del giorno
  149 00000074 4433            ADD              R3, R3, R6  ;vado all'indice di
                                                             consumo corretto
  150 00000076 F854 5F04       LDR              R5, [R4, #4]! ;metto in R5 il v
                                                            alore di calorie re
                                                            lative al giorno
  151 0000007A 601D            STR              R5, [R3]    ;metto il valore ne
                                                            llo spazio
  152 0000007C F104 0404       ADD              R4, R4, #4  ;vado avanti nel ve
                                                            ttore Calories_food
                                                            
  153 00000080 1E40            SUBS             R0, R0, #1  ;se faccio 6 iteraz
                                                            ioni ho finito i gi
                                                            orni
  154 00000082 D1F1            BNE              riempi
  155 00000084         
  156 00000084 F04F 0003       MOV              R0, #0x3
  157 00000088 F04F 0100       MOV              R1, #0x0
  158 0000008C 4A12            LDR              R2, =Calories_sport
  159 0000008E         
  160 0000008E 6814    sottrai LDR              R4, [R2]    ;Carico il primo va
                                                            lore in R4
  161 00000090 EA4F 0584       LSL              R5, R4, #2  ;moltiplico il byte
                                                             giorno per 4 e tro
                                                            vare l'indice in co
                                                            nsumo
  162 00000094 F1A5 0504       SUB              R5, R5, #4  ;sottraggo il primo
                                                             giorno per trovare
                                                             l'indice corretto 
                                                            del giorno
  163 00000098 F852 6F04       LDR              R6, [R2, #4]!
  164 0000009C 4B0D            LDR              R3, =Consumo ;Prendo il primo i
                                                            n consumo
  165 0000009E 442B            ADD              R3, R3, R5  ;aggiorno valore in
                                                            dirizzo vettore
  166 000000A0 681F            LDR              R7, [R3]    ;prendo il valore r
                                                            elativo al giorno
  167 000000A2 EBA7 0706       SUB              R7, R7, R6
  168 000000A6 601F            STR              R7, [R3]
  169 000000A8 F102 0204       ADD              R2, R2, #4  ;vado avanti nel ve
                                                            ttore Calories_spor
                                                            t
  170 000000AC 1E40            SUBS             R0, R0, #1



ARM Macro Assembler    Page 6 


  171 000000AE D1EE            BNE              sottrai
  172 000000B0         
  173 000000B0 F04F 0007       MOV              R0, #0x7
  174 000000B4 F04F 0B00       MOV              R11, #0
  175 000000B8 4906            LDR              R1, =Consumo
  176 000000BA         
  177 000000BA 680A    verifica
                               LDR              R2, [R1]
  178 000000BC F5B2 7FFA       CMP              R2, #500
  179 000000C0 F101 0104       ADD              R1, R1, #4
  180 000000C4 BFB8 F10B 
              0B01             ADDLT            R11, R11, #1
  181 000000CA 1E40            SUBS             R0, R0, #1
  182 000000CC D1F5            BNE              verifica
  183 000000CE         
  184 000000CE         
  185 000000CE 4700    stop    BX               R0
  186 000000D0                 ENDP
  187 000000D0 00000000 
              00000000 
              00000000         LTORG
  188 000000DC 00 00 00 
              00 00 00 
              00 00 00 
              00 00 00 
              00 00 00 
              00 00 00 
              00 00 00 
              00 00 00 
              00 00 00 
              00 00 00 
              00 00 00 
              00 00 00 
              00 00 00 
              00 00 00 
              00 00 00 
              00 00 00 
              00 00 00 
              00 00 00 
              00 00 00 
              00 00 00 
              00 00 00 
              00 00 00 
              00 00 00 
              00 00 00 
              00 00 00 
              00 00 00 
              00 00 00 
              00 00 00 
              00 00 00 
              00 00 00 
              00 00 00 
              00 00 00 
              00 00 00 
              00 00 00 
              00 00 00 
              00 00 00 
              00 00 00 
              00 00 00 



ARM Macro Assembler    Page 7 


              00 00 00 
              00 00 00 
              00 00 00 
              00 00 00 
              00 00 00 
              00 00 00 
              00 00 00 
              00 00 00 
              00 00 00 
              00 00 00 
              00 00 00 
              00 00 00 
              00 00 00 
              00 00 00 
              00 00 00 
              00 00 00 
              00 00 00 
              00 00 00 
              00 00 00 
              00 00 00 
              00 00 00 
              00 00 00 
              00 00 00 
              00 00 00 
              00 00 00 
              00 00 00 
              00 00 00 
              00 00 00 
              00 00 00 
              00 00 00 
              00 00 00 
              00 00 00 
              00 00 00 
              00 00 00 
              00 00 00 
              00 00 00 
              00 00 00 
              00 00 00 
              00 00 00 
              00 00 00 
              00 00 00 
              00 00 00 
              00 00 00 
              00 00 00 
              00 00 00 
              00 00 00 
              00 00 00 
              00 00 00 
              00 00 00 
              00 00 00 
              00 00 00 
              00 00 00 
              00 00 00 
              00 00 00 
              00 00 00 
              00 00 00 
              00 00 00 
              00 00 00 
              00 00 00 



ARM Macro Assembler    Page 8 


              00 00 00 
              00 00 00 
              00 00 00 
              00 00 00 
              00 00 00 
              00 00 00 
              00 00 00 
              00 00 00 
              00 00 00 
              00 00 00 
              00 00 00 
              00 00 00 
              00 00 00 
              00 00 00 
              00 00 00 
              00 00 00 
              00 00 00 
              00 00 00 
              00 00 00 
              00 00 00 
              00 00 00 
              00 00 00 
              00 00 00 
              00 00 00 
              00 00 00 
              00 00 00 
              00 00 00 
              00 00 00 
              00 00 00 
              00 00 00 
              00 00 00 
              00 00 00 
              00 00 00 
              00 00 00 
              00 00 00 
              00 00 00 
              00 00 00 
              00 00 00 
              00 00 00 
              00 00 00 
              00 00 00 
              00 00 00 
              00 00 00 
              00 00 00 
              00 00 00 
              00 00 00 
              00 00 00 
              00 00 00 
              00 00 00 
              00 00 00 
              00 00 00 
              00 00 00 
              00 00 00 
              00 00 00 
              00 00 00 
              00 00 00 
              00 00 00 
              00 00 00 
              00 00 00 



ARM Macro Assembler    Page 9 


              00 00 00 
              00 00 00 
              00 00 00 
              00 00 00 
              00 00 00 
              00 00 00 
              00 00 00 
              00 00 00 
              00 00 00 
              00 00 00 
              00 00 00 
              00 00 00 
              00 00 00 
              00 00 00 
              00 00 00 
              00 00 00 
              00 00 00 
              00 00 00 
              00 00 00 
              00 00 00 
              00 00 00 
              00 00 00 
              00 00 00 
              00 00 00 
              00 00 00 
              00 00 00 
              00 00 00 
              00 00 00 
              00 00 00 
              00 00 00 
              00 00 00 
              00 00 00 
              00 00 00 
              00 00 00 
              00 00 00 
              00 00 00 
              00 00 00 
              00 00 00 
              00 00 00 
              00 00 00 
              00 00 00 
              00 00 00 
              00 00 00 
              00 00 00 
              00 00 00 
              00 00 00 
              00 00 00 
              00 00 00 
              00 00 00 
              00 00 00 
              00 00 00 
              00 00 00 
              00 00 00 
              00 00 00 
              00 00 00 
              00 00 00 
              00 00 00 
              00 00 00 
              00 00 00 



ARM Macro Assembler    Page 10 


              00 00 00 
              00 00 00 
              00 00 00 
              00 00 00 
              00 00 00 
              00 00 00 
              00 00 00 
              00 00 00 
              00 00 00 
              00 00 00 
              00 00 00 
              00 00 00 
              00 00 00 
              00 00 00 
              00 00 00 
              00 00 00 
              00 00 00 
              00 00 00 
              00 00 00 
              00 00 00 
              00 00 00 
              00 00 00 
              00 00 00 
              00 00 00 
              00 00 00 
              00 00 00 
              00 00 00 
              00 00 00 
              00 00 00 
              00 00 00 
              00 00 00 
              00 00 00 
              00 00 00 
              00 00 00 
              00 00 00 
              00 00 00 
              00 00 00 
              00 00 00 
              00 00 00 
              00 00 00 
              00 00 00 
              00 00 00 
              00 00 00 
              00 00 00 
              00 00 00 
              00 00 00 
              00 00 00 
              00 00 00 
              00 00 00 
              00 00 00 
              00 00 00 
              00 00 00 
              00 00 00 
              00 00 00 
              00 00 00 
              00 00 00 
              00 00 00 
              00 00 00 
              00 00 00 



ARM Macro Assembler    Page 11 


              00 00 00 
              00 00 00 
              00 00 00 
              00 00 00 
              00 00 00 
              00 00 00 
              00 00 00 
              00 00 00 
              00 00 00 
              00 00 00 
              00 00 00 
              00 00 00 
              00 00 00 
              00 00 00 
              00 00 00 
              00 00 00 
              00 00 00 
              00 00 00 
              00 00 00 
              00 00 00 
              00 00 00 
              00 00 00 
              00 00 00 
              00 00 00 
              00 00 00 
              00 00 00 
              00 00 00 
              00 00 00 
              00 00 00 
              00 00 00 
              00 00 00 
              00 00 00 
              00 00 00 
              00 00 00 
              00 00 00 
              00 00 00 
              00 00 00 
              00 00 00 
              00 00 00 
              00 00 00 
              00 00 00 
              00 00 00 
              00 00 00 
              00 00 00 
              00 00 00 
              00 00 00 
              00 00 00 
              00 00 00 
              00 00 00 
              00 00 00 
              00 00 00 
              00 00 00 
              00 00 00 
              00 00 00 
              00 00 00 
              00 00 00 
              00 00 00 
              00 00 00 
              00 00 00 



ARM Macro Assembler    Page 12 


              00 00 00 
              00 00 00 
              00 00 00 
              00 00 00 
              00 00 00 
              00 00 00 
              00 00 00 
              00 00 00 
              00 00 00 
              00 00 00 
              00 00 00 
              00 00 00 
              00 00 00 
              00 00 00 
              00 00 00 
              00 00 00 
              00 00 00 
              00 00 00 
              00 00 00 
              00 00 00 
              00 00 00 
              00 00 00 
              00 00 00 
              00 00 00 
              00 00 00 
              00 00 00 
              00 00 00 
              00 00 00 
              00 00 00 
              00 00 00 
              00 00 00 
              00 00 00 
              00 00 00 
              00 00 00 
              00 00 00 
              00 00 00 
              00 00 00 
              00 00 00 
              00 00 00 
              00 00 00 
              00 00 00 
              00 00 00 
              00 00 00 
              00 00 00 
              00 00 00 
              00 00 00 
              00 00 00 
              00 00 00 
              00 00 00 
              00 00 00 
              00 00 00 
              00 00 00 
              00 00 00 
              00 00 00 
              00 00 00 
              00 00 00 
              00 00 00 
              00 00 00 
              00 00 00 



ARM Macro Assembler    Page 13 


              00 00 00 
              00 00 00 
              00 00 00 
              00 00 00 
              00 00 00 
              00 00 00 
              00 00 00 
              00 00 00 
              00 00 00 
              00 00 00 
              00 00 00 
              00 00 00 
              00 00 00 
              00 00 00 
              00 00 00 
              00 00 00 
              00 00 00 
              00 00 00 
              00 00 00 
              00 00 00 
              00 00 00 
              00 00 00 
              00 00 00 
              00 00 00 
              00 00 00 
              00 00 00 
              00 00 00 
              00 00 00 
              00 00 00 
              00 00 00 
              00 00 00 
              00 00 00 
              00 00 00 
              00 00 00 
              00 00 00 
              00 00 00 
              00 00 00 
              00 00 00 
              00 00 00 
              00 00 00 
              00 00 00 
              00 00 00 
              00 00 00 
              00 00 00 
              00 00 00 
              00 00 00 
              00 00 00 
              00 00 00 
              00 00 00 
              00 00 00 
              00 00 00 
              00 00 00 
              00 00 00 
              00 00 00 
              00 00 00 
              00 00 00 
              00 00 00 
              00 00 00 
              00 00 00 



ARM Macro Assembler    Page 14 


              00 00 00 
              00 00 00 
              00 00 00 
              00 00 00 
              00 00 00 
              00 00 00 
              00 00 00 
              00 00 00 
              00 00 00 
              00 00 00 
              00 00 00 
              00 00 00 
              00 00 00 
              00 00 00 
              00 00 00 
              00 00 00 
              00 00 00 
              00 00 00 
              00 00 00 
              00 00 00 
              00 00 00 
              00 00 00 
              00 00 00 
              00 00 00 
              00 00 00 
              00 00 00 
              00 00 00 
              00 00 00 
              00 00 00 
              00 00 00 
              00 00 00 
              00 00 00 
              00 00 00 
              00 00 00 
              00 00 00 
              00 00 00 
              00 00 00 
              00 00 00 
              00 00 00 
              00 00 00 
              00 00 00 
              00 00 00 
              00 00 00 
              00 00 00 
              00 00 00 
              00 00 00 
              00 00 00 
              00 00 00 
              00 00 00 
              00 00 00 
              00 00 00 
              00 00 00 
              00 00 00 
              00 00 00 
              00 00 00 
              00 00 00 
              00 00 00 
              00 00 00 
              00 00 00 



ARM Macro Assembler    Page 15 


              00 00 00 
              00 00 00 
              00 00 00 
              00 00 00 
              00 00 00 
              00 00 00 
              00 00 00 
              00 00 00 
              00 00 00 
              00 00 00 
              00 00 00 
              00 00 00 
              00 00 00 
              00 00 00 
              00 00 00 
              00 00 00 
              00 00 00 
              00 00 00 
              00 00 00 
              00 00 00 
              00 00 00 
              00 00 00 
              00 00 00 
              00 00 00 
              00 00 00 
              00 00 00 
              00 00 00 
              00 00 00 
              00 00 00 
              00 00 00 
              00 00 00 
              00 00 00 
              00 00 00 
              00 00 00 
              00 00 00 
              00 00 00 
              00 00 00 
              00 00 00 
              00 00 00 
              00 00 00 
              00 00 00 
              00 00 00 
              00 00 00 
              00 00 00 
              00 00 00 
              00 00 00 
              00 00 00 
              00 00 00 
              00 00 00 
              00 00 00 
              00 00 00 
              00 00 00 
              00 00 00 
              00 00 00 
              00 00 00 
              00 00 00 
              00 00 00 
              00 00 00 
              00 00 00 



ARM Macro Assembler    Page 16 


              00 00 00 
              00 00 00 
              00 00 00 
              00 00 00 
              00 00 00 
              00 00 00 
              00 00 00 
              00 00 00 
              00 00 00 
              00 00 00 
              00 00 00 
              00 00 00 
              00 00 00 
              00 00 00 
              00 00 00 
              00 00 00 
              00 00 00 
              00 00 00 
              00 00 00 
              00 00 00 
              00 00 00 
              00 00 00 
              00 00 00 
              00 00 00 
              00 00 00 
              00 00 00 
              00 00 00 
              00 00 00 
              00 00 00 
              00 00 00 
              00 00 00 
              00 00 00 
              00 00 00 
              00 00 00 
              00 00 00 
              00 00 00 
              00 00 00 
              00 00 00 
              00 00 00 
              00 00 00 
              00 00 00 
              00 00 00 
              00 00 00 
              00 00 00 
              00 00 00 
              00 00 00 
              00 00 00 
              00 00 00 
              00 00 00 
              00 00 00 
              00 00 00 
              00 00 00 
              00 00 00 
              00 00 00 
              00 00 00 
              00 00 00 
              00 00 00 
              00 00 00 
              00 00 00 



ARM Macro Assembler    Page 17 


              00 00 00 
              00 00 00 
              00 00 00 
              00 00 00 
              00 00 00 
              00 00 00 
              00 00 00 
              00 00 00 
              00 00 00 
              00 00 00 
              00 00 00 
              00 00 00 
              00 00 00 
              00 00 00 
              00 00 00 
              00 00 00 
              00 00 00 
              00 00 00 
              00 00 00 
              00 00 00 
              00 00 00 
              00 00 00 
              00 00 00 
              00 00 00 
              00 00 00 
              00 00 00 
              00 00 00 
              00 00 00 
              00 00 00 
              00 00 00 
              00 00 00 
              00 00 00 
              00 00 00 
              00 00 00 
              00 00 00 
              00 00 00 
              00 00 00 
              00 00 00 
              00 00 00 
              00 00 00 
              00 00 00 
              00 00 00 
              00 00 00 
              00 00 00 
              00 00 00 
              00 00 00 
              00 00 00 
              00 00 00 
              00 00 00 
              00 00 00 
              00 00 00 
              00 00 00 
              00 00 00 
              00 00 00 
              00 00 00 
              00 00 00 
              00 00 00 
              00 00 00 
              00 00 00 



ARM Macro Assembler    Page 18 


              00 00 00 
              00 00 00 
              00 00 00 
              00 00 00 
              00 00 00 
              00 00 00 
              00 00 00 
              00 00 00 
              00 00 00 
              00 00 00 
              00 00 00 
              00 00 00 
              00 00 00 
              00 00 00 
              00 00 00 
              00 00 00 
              00 00 00 
              00 00 00 
              00 00 00 
              00 00 00 
              00 00 00 
              00 00 00 
              00 00 00 
              00 00 00 
              00 00 00 
              00 00 00 
              00 00 00 
              00 00 00 
              00 00 00 
              00 00 00 
              00 00 00 
              00 00 00 
              00 00 00 
              00 00 00 
              00 00 00 
              00 00 00 
              00 00 00 
              00 00 00 
              00 00 00 
              00 00 00 
              00 00 00 
              00 00 00 
              00 00 00 
              00 00 00 
              00 00 00 
              00 00 00 
              00 00 00 
              00 00 00 
              00 00 00 
              00 00 00 
              00 00 00 
              00 00 00 
              00 00 00 
              00 00 00 
              00 00 00 
              00 00 00 
              00 00 00 
              00 00 00 
              00 00 00 



ARM Macro Assembler    Page 19 


              00 00 00 
              00 00 00 
              00 00 00 
              00 00 00 
              00 00 00 
              00 00 00 
              00 00 00 
              00 00 00 
              00 00 00 
              00 00 00 
              00 00 00 
              00 00 00 
              00 00 00 
              00 00 00 
              00 00 00 
              00 00 00 
              00 00 00 
              00 00 00 
              00 00 00 
              00 00 00 
              00 00 00 
              00 00 00 
              00 00 00 
              00 00 00 
              00 00 00 
              00 00 00 
              00 00 00 
              00 00 00 
              00 00 00 
              00 00 00 
              00 00 00 
              00 00 00 
              00 00 00 
              00 00 00 
              00 00 00 
              00 00 00 
              00 00 00 
              00 00 00 
              00 00 00 
              00 00 00 
              00 00 00 
              00 00 00 
              00 00 00 
              00 00 00 
              00 00 00 
              00 00 00 
              00 00 00 
              00 00 00 
              00 00 00 
              00 00 00 
              00 00 00 
              00 00 00 
              00 00 00 
              00 00 00 
              00 00 00 
              00 00 00 
              00 00 00 
              00 00 00 
              00 00 00 



ARM Macro Assembler    Page 20 


              00 00 00 
              00 00 00 
              00 00 00 
              00 00 00 
              00 00 00 
              00 00 00 
              00 00 00 
              00 00 00 
              00 00 00 
              00 00 00 
              00 00 00 
              00 00 00 
              00 00 00 
              00 00 00 
              00 00 00 
              00 00 00 
              00 00 00 
              00 00 00 
              00 00 00 
              00 00 00 
              00 00 00 
              00 00 00 
              00 00 00 
              00 00 00 
              00 00 00 
              00 00 00 
              00 00 00 
              00 00 00 
              00 00 00 
              00 00 00 
              00 00 00 
              00 00 00 
              00 00 00 
              00 00 00 
              00 00 00 
              00 00 00 
              00 00 00 
              00 00 00 
              00 00 00 
              00 00 00 
              00 00 00 
              00 00 00 
              00 00 00 
              00 00 00 
              00 00 00 
              00 00 00 
              00 00 00 
              00 00 00 
              00 00 00 
              00 00 00 
              00 00 00 
              00 00 00 
              00 00 00 
              00 00 00 
              00 00 00 
              00 00 00 
              00 00 00 
              00 00 00 
              00 00 00 



ARM Macro Assembler    Page 21 


              00 00 00 
              00 00 00 
              00 00 00 
              00 00 00 
              00 00 00 
              00 00 00 
              00 00 00 
              00 00 00 
              00 00 00 
              00 00 00 
              00 00 00 
              00 00 00 
              00 00 00 
              00 00 00 
              00 00 00 
              00 00 00 
              00 00 00 
              00 00 00 
              00 00 00 
              00 00 00 
              00 00 00 
              00 00 00 
              00 00 00 
              00 00 00 
              00 00 00 
              00 00 00 
              00 00 00 
              00 00 00 
              00 00 00 
              00 00 00 
              00 00 00 
              00 00 00 
              00 00 00 
              00 00 00 
              00 00 00 
              00 00 00 
              00 00 00 
              00 00 00 
              00 00 00 
              00 00 00 
              00 00 00 
              00 00 00 
              00 00 00 
              00 00 00 
              00 00 00 
              00 00 00 
              00 00 00 
              00 00 00 
              00 00 00 
              00 00 00 
              00 00 00 
              00 00 00 
              00 00 00 
              00 00 00 
              00 00 00 
              00 00 00 
              00 00 00 
              00 00 00 
              00 00 00 



ARM Macro Assembler    Page 22 


              00 00 00 
              00 00 00 
              00 00 00 
              00 00 00 
              00 00 00 
              00 00 00 
              00 00 00 
              00 00 00 
              00 00 00 
              00 00 00 
              00 00 00 
              00 00 00 
              00 00 00 
              00 00 00 
              00 00 00 
              00 00 00 
              00 00 00 
              00 00 00 
              00 00 00 
              00 00 00 
              00 00 00 
              00 00 00 
              00 00 00 
              00 00 00 
              00 00 00 
              00 00 00 
              00 00 00 
              00 00 00 
              00 00 00 
              00 00 00 
              00 00 00 
              00 00 00 
              00 00 00 
              00 00 00 
              00 00 00 
              00 00 00 
              00 00 00 
              00 00 00 
              00 00 00 
              00 00 00 
              00 00 00 
              00 00 00 
              00 00 00 
              00 00 00 
              00 00 00 
              00 00 00 
              00 00 00 
              00 00 00 
              00 00 00 
              00 00 00 
              00 00 00 
              00 00 00 
              00 00 00 
              00 00 00 
              00 00 00 
              00 00 00 
              00 00 00 
              00 00 00 
              00 00 00 



ARM Macro Assembler    Page 23 


              00 00 00 
              00 00 00 
              00 00 00 
              00 00 00 
              00 00 00 
              00 00 00 
              00 00 00 
              00 00 00 
              00 00 00 
              00 00 00 
              00 00 00 
              00 00 00 
              00 00 00 
              00 00 00 
              00 00 00 
              00 00 00 
              00 00 00 
              00 00 00 
              00 00 00 
              00 00 00 
              00 00 00 
              00 00 00 
              00 00 00 
              00 00 00 
              00 00 00 
              00 00 00 
              00 00 00 
              00 00 00 
              00 00 00 
              00 00 00 
              00 00 00 
              00 00 00 
              00 00 00 
              00 00 00 
              00 00 00 
              00 00 00 
              00 00 00 
              00 00 00 
              00 00 00 
              00 00 00 
              00 00 00 
              00 00 00 
              00 00 00 
              00 00 00 
              00 00 00 
              00 00 00 
              00 00 00 
              00 00 00 
              00 00 00 
              00 00 00 
              00 00 00 
              00 00 00 
              00 00 00 
              00 00 00 
              00 00 00 
              00 00 00 
              00 00 00 
              00 00 00 
              00 00 00 



ARM Macro Assembler    Page 24 


              00 00 00 
              00 00 00 
              00 00 00 
              00 00 00 
              00 00 00 
              00 00 00 
              00 00 00 
              00 00 00 
              00 00 00 
              00 00 00 
              00 00 00 
              00 00 00 
              00 00 00 
              00 00 00 
              00 00 00 
              00 00 00 
              00 00 00 
              00 00 00 
              00 00 00 
              00 00 00 
              00 00 00 
              00 00 00 
              00 00 00 
              00 00 00 
              00 00 00 
              00 00 00 
              00 00 00 
              00 00 00 
              00 00 00 
              00 00 00 
              00 00 00 
              00 00 00 
              00 00 00 
              00 00 00 
              00 00 00 
              00 00 00 
              00 00 00 
              00 00 00 
              00 00 00 
              00 00 00 
              00 00 00 
              00 00 00 
              00 00 00 
              00 00 00 
              00 00 00 
              00 00 00 
              00 00 00 
              00 00 00 
              00 00 00 
              00 00 00 
              00 00 00 
              00 00 00 
              00 00 00 
              00 00 00 
              00 00 00 
              00 00 00 
              00 00 00 
              00 00 00 
              00 00 00 



ARM Macro Assembler    Page 25 


              00 00 00 
              00 00 00 
              00 00 00 
              00 00 00 
              00 00 00 
              00 00 00 
              00 00 00 
              00 00 00 
              00 00 00 
              00 00 00 
              00 00 00 
              00 00 00 
              00 00 00 
              00 00 00 
              00 00 00 
              00 00 00 
              00 00 00 
              00 00 00 
              00 00 00 
              00 00 00 
              00 00 00 
              00 00 00 
              00 00 00 
              00 00 00 
              00 00 00 
              00 00 00 
              00 00 00 
              00 00 00 
              00 00 00 
              00 00 00 
              00 00 00 
              00 00 00 
              00 00 00 
              00 00 00 
              00 00 00 
              00 00 00 
              00 00 00 
              00 00 00 
              00 00 00 
              00 00 00 
              00 00 00 
              00 00 00 
              00 00 00 
              00 00 00 
              00 00 00 
              00 00 00 
              00 00 00 
              00 00 00 
              00 00 00 
              00 00 00 
              00 00 00 
              00 00 00 
              00 00 00 
              00 00 00 
              00 00 00 
              00 00 00 
              00 00 00 
              00 00 00 
              00 00 00 



ARM Macro Assembler    Page 26 


              00 00 00 
              00 00 00 
              00 00 00 
              00 00 00 
              00 00 00 
              00 00 00 
              00 00 00 
              00 00 00 
              00 00 00 
              00 00 00 
              00 00 00 
              00 00 00 
              00 00 00 
              00 00 00 
              00 00 00 
              00 00 00 
              00 00 00 
              00 00 00 
              00 00 00 
              00 00 00 
              00 00 00 
              00 00 00 
              00 00 00 
              00 00 00 
              00 00 00 
              00 00 00 
              00 00 00 
              00 00 00 
              00 00 00 
              00 00 00 
              00 00 00 
              00 00 00 
              00 00 00 
              00 00 00 
              00 00 00 
              00 00 00 
              00 00 00 
              00 00 00 
              00 00 00 
              00 00 00 
              00 00 00 
              00 00 00 
              00 00 00 
              00 00 00 
              00 00 00 
              00 00 00 
              00 00 00 
              00 00 00 
              00 00 00 
              00 00 00 
              00 00 00 
              00 00 00 
              00 00 00 
              00 00 00 
              00 00 00 
              00 00 00 
              00 00 00 
              00 00 00 
              00 00 00 



ARM Macro Assembler    Page 27 


              00 00 00 
              00 00 00 
              00 00 00 
              00 00 00 
              00 00 00 
              00 00 00 
              00 00 00 
              00 00 00 
              00 00 00 
              00 00 00 
              00 00 00 
              00 00 00 
              00 00 00 
              00 00 00 
              00 00 00 
              00 00 00 
              00 00 00 
              00 00 00 
              00 00 00 
              00 00 00 
              00 00 00 
              00 00 00 
              00 00 00 
              00 00 00 
              00 00 00 
              00 00 00 
              00 00 00 
              00 00 00 
              00 00 00 
              00 00 00 
              00 00 00 
              00 00 00 
              00 00 00 
              00 00 00 
              00 00 00 
              00 00 00 
              00 00 00 
              00 00 00 
              00 00 00 
              00 00 00 
              00 00 00 
              00 00 00 
              00 00 00 
              00 00 00 
              00 00 00 
              00 00 00 
              00 00 00 
              00 00 00 
              00 00 00 
              00 00 00 
              00 00 00 
              00 00 00 
              00 00 00 
              00 00 00 
              00 00 00 
              00 00 00 
              00 00 00 
              00 00 00 
              00 00 00 



ARM Macro Assembler    Page 28 


              00 00 00 
              00 00 00 
              00 00 00 
              00 00 00 
              00 00 00 
              00 00 00 
              00 00 00 
              00 00 00 
              00 00 00 
              00 00 00 
              00 00 00 
              00 00 00 
              00 00 00 
              00 00 00 
              00 00 00 
              00 00 00 
              00 00 00 
              00 00 00 
              00 00 00 
              00 00 00 
              00 00 00 
              00 00 00 
              00 00 00 
              00 00 00 
              00 00 00 
              00 00 00 
              00 00 00 
              00 00 00 
              00 00 00 
              00 00 00 
              00 00 00 
              00 00 00 
              00 00 00 
              00 00 00 
              00 00 00 
              00 00 00 
              00 00 00 
              00 00 00 
              00 00 00 
              00 00 00 
              00 00 00 
              00 00 00 
              00 00 00 
              00 00 00 
              00 00 00 
              00 00 00 
              00 00 00 
              00 00 00 
              00 00 00 
              00 00 00 
              00 00 00 
              00 00 00 
              00 00 00 
              00 00 00 
              00 00 00 
              00 00 00 
              00 00 00 
              00 00 00 
              00 00 00 



ARM Macro Assembler    Page 29 


              00 00 00 
              00 00 00 
              00 00 00 
              00 00 00 
              00 00 00 
              00 00 00 
              00 00 00 
              00 00 00 
              00 00 00 
              00 00 00 
              00 00 00 
              00 00 00 
              00 00 00 
              00 00 00 
              00 00 00 
              00 00 00 
              00 00 00 
              00 00 00 
              00 00 00 
              00 00 00 
              00 00 00 
              00 00 00 
              00 00 00 
              00 00 00 
              00 00 00 
              00 00 00 
              00 00 00 
              00 00 00 
              00 00 00 
              00               SPACE            4096
  189 000010DC         
  190 000010DC         
  191 000010DC         ; Dummy Exception Handlers (infinite loops which can be 
                       modified)
  192 000010DC         
  193 000010DC         NMI_Handler
                               PROC
  194 000010DC                 EXPORT           NMI_Handler               [WEAK
]
  195 000010DC E7FE            B                .
  196 000010DE                 ENDP
  198 000010DE         HardFault_Handler
                               PROC
  199 000010DE                 EXPORT           HardFault_Handler         [WEAK
]
  200 000010DE         ; your code
  201 000010DE F040 0001       orr              r0,r0,#1
  202 000010E2 4700            BX               r0
  203 000010E4                 ENDP
  205 000010E4         MemManage_Handler
                               PROC
  206 000010E4                 EXPORT           MemManage_Handler         [WEAK
]
  207 000010E4 E7FE            B                .
  208 000010E6                 ENDP
  210 000010E6         BusFault_Handler
                               PROC
  211 000010E6                 EXPORT           BusFault_Handler          [WEAK
]



ARM Macro Assembler    Page 30 


  212 000010E6 E7FE            B                .
  213 000010E8                 ENDP
  215 000010E8         UsageFault_Handler
                               PROC
  216 000010E8                 EXPORT           UsageFault_Handler        [WEAK
]
  217 000010E8 E7FE            B                .
  218 000010EA                 ENDP
  219 000010EA         SVC_Handler
                               PROC
  220 000010EA                 EXPORT           SVC_Handler               [WEAK
]
  221 000010EA E7FE            B                .
  222 000010EC                 ENDP
  224 000010EC         DebugMon_Handler
                               PROC
  225 000010EC                 EXPORT           DebugMon_Handler          [WEAK
]
  226 000010EC E7FE            B                .
  227 000010EE                 ENDP
  228 000010EE         PendSV_Handler
                               PROC
  229 000010EE                 EXPORT           PendSV_Handler            [WEAK
]
  230 000010EE E7FE            B                .
  231 000010F0                 ENDP
  232 000010F0         SysTick_Handler
                               PROC
  233 000010F0                 EXPORT           SysTick_Handler           [WEAK
]
  234 000010F0 E7FE            B                .
  235 000010F2                 ENDP
  236 000010F2         
  237 000010F2         Default_Handler
                               PROC
  238 000010F2         
  239 000010F2                 EXPORT           WDT_IRQHandler            [WEAK
]
  240 000010F2                 EXPORT           TIMER0_IRQHandler         [WEAK
]
  241 000010F2                 EXPORT           TIMER1_IRQHandler         [WEAK
]
  242 000010F2                 EXPORT           TIMER2_IRQHandler         [WEAK
]
  243 000010F2                 EXPORT           TIMER3_IRQHandler         [WEAK
]
  244 000010F2                 EXPORT           UART0_IRQHandler          [WEAK
]
  245 000010F2                 EXPORT           UART1_IRQHandler          [WEAK
]
  246 000010F2                 EXPORT           UART2_IRQHandler          [WEAK
]
  247 000010F2                 EXPORT           UART3_IRQHandler          [WEAK
]
  248 000010F2                 EXPORT           PWM1_IRQHandler           [WEAK
]
  249 000010F2                 EXPORT           I2C0_IRQHandler           [WEAK
]
  250 000010F2                 EXPORT           I2C1_IRQHandler           [WEAK



ARM Macro Assembler    Page 31 


]
  251 000010F2                 EXPORT           I2C2_IRQHandler           [WEAK
]
  252 000010F2                 EXPORT           SPI_IRQHandler            [WEAK
]
  253 000010F2                 EXPORT           SSP0_IRQHandler           [WEAK
]
  254 000010F2                 EXPORT           SSP1_IRQHandler           [WEAK
]
  255 000010F2                 EXPORT           PLL0_IRQHandler           [WEAK
]
  256 000010F2                 EXPORT           RTC_IRQHandler            [WEAK
]
  257 000010F2                 EXPORT           EINT0_IRQHandler          [WEAK
]
  258 000010F2                 EXPORT           EINT1_IRQHandler          [WEAK
]
  259 000010F2                 EXPORT           EINT2_IRQHandler          [WEAK
]
  260 000010F2                 EXPORT           EINT3_IRQHandler          [WEAK
]
  261 000010F2                 EXPORT           ADC_IRQHandler            [WEAK
]
  262 000010F2                 EXPORT           BOD_IRQHandler            [WEAK
]
  263 000010F2                 EXPORT           USB_IRQHandler            [WEAK
]
  264 000010F2                 EXPORT           CAN_IRQHandler            [WEAK
]
  265 000010F2                 EXPORT           DMA_IRQHandler            [WEAK
]
  266 000010F2                 EXPORT           I2S_IRQHandler            [WEAK
]
  267 000010F2                 EXPORT           ENET_IRQHandler           [WEAK
]
  268 000010F2                 EXPORT           RIT_IRQHandler            [WEAK
]
  269 000010F2                 EXPORT           MCPWM_IRQHandler          [WEAK
]
  270 000010F2                 EXPORT           QEI_IRQHandler            [WEAK
]
  271 000010F2                 EXPORT           PLL1_IRQHandler           [WEAK
]
  272 000010F2                 EXPORT           USBActivity_IRQHandler    [WEAK
]
  273 000010F2                 EXPORT           CANActivity_IRQHandler    [WEAK
]
  274 000010F2         
  275 000010F2         WDT_IRQHandler
  276 000010F2         TIMER0_IRQHandler
  277 000010F2         TIMER1_IRQHandler
  278 000010F2         TIMER2_IRQHandler
  279 000010F2         TIMER3_IRQHandler
  280 000010F2         UART0_IRQHandler
  281 000010F2         UART1_IRQHandler
  282 000010F2         UART2_IRQHandler
  283 000010F2         UART3_IRQHandler
  284 000010F2         PWM1_IRQHandler
  285 000010F2         I2C0_IRQHandler



ARM Macro Assembler    Page 32 


  286 000010F2         I2C1_IRQHandler
  287 000010F2         I2C2_IRQHandler
  288 000010F2         SPI_IRQHandler
  289 000010F2         SSP0_IRQHandler
  290 000010F2         SSP1_IRQHandler
  291 000010F2         PLL0_IRQHandler
  292 000010F2         RTC_IRQHandler
  293 000010F2         EINT0_IRQHandler
  294 000010F2         EINT1_IRQHandler
  295 000010F2         EINT2_IRQHandler
  296 000010F2         EINT3_IRQHandler
  297 000010F2         ADC_IRQHandler
  298 000010F2         BOD_IRQHandler
  299 000010F2         USB_IRQHandler
  300 000010F2         CAN_IRQHandler
  301 000010F2         DMA_IRQHandler
  302 000010F2         I2S_IRQHandler
  303 000010F2         ENET_IRQHandler
  304 000010F2         RIT_IRQHandler
  305 000010F2         MCPWM_IRQHandler
  306 000010F2         QEI_IRQHandler
  307 000010F2         PLL1_IRQHandler
  308 000010F2         USBActivity_IRQHandler
  309 000010F2         CANActivity_IRQHandler
  310 000010F2         
  311 000010F2 E7FE            B                .
  312 000010F4         
  313 000010F4                 ENDP
  314 000010F4         
  315 000010F4         
  316 000010F4                 ALIGN
  317 000010F4         
  318 000010F4         
  319 000010F4         ; User Initial Stack & Heap
  320 000010F4         
  321 000010F4                 EXPORT           __initial_sp
  322 000010F4                 EXPORT           __heap_base
  323 000010F4                 EXPORT           __heap_limit
  324 000010F4         
  325 000010F4                 END
Command Line: --debug --xref --diag_suppress=9931 --cpu=Cortex-M3 --apcs=interw
ork --depend=.\startup.d -o.\startup.o -I.\RTE\_Target_1 -IC:\Users\luigi\AppDa
ta\Local\Arm\Packs\ARM\CMSIS\5.9.0\CMSIS\Core\Include -IC:\Users\luigi\AppData\
Local\Arm\Packs\Keil\LPC1700_DFP\2.7.1\Device\Include --predefine="__EVAL SETA 
1" --predefine="__UVISION_VERSION SETA 538" --predefine="_RTE_ SETA 1" --predef
ine="LPC175x_6x SETA 1" --predefine="_RTE_ SETA 1" --list=.\startup.lst startup
.s



ARM Macro Assembler    Page 1 Alphabetic symbol ordering
Relocatable symbols

STACK 00000000

Symbol: STACK
   Definitions
      At line 33 in file startup.s
   Uses
      None
Comment: STACK unused
Stack_Mem 00000000

Symbol: Stack_Mem
   Definitions
      At line 34 in file startup.s
   Uses
      None
Comment: Stack_Mem unused
__initial_sp 00000200

Symbol: __initial_sp
   Definitions
      At line 35 in file startup.s
   Uses
      At line 59 in file startup.s
      At line 321 in file startup.s

3 symbols



ARM Macro Assembler    Page 1 Alphabetic symbol ordering
Relocatable symbols

HEAP 00000000

Symbol: HEAP
   Definitions
      At line 44 in file startup.s
   Uses
      None
Comment: HEAP unused
Heap_Mem 00000000

Symbol: Heap_Mem
   Definitions
      At line 46 in file startup.s
   Uses
      None
Comment: Heap_Mem unused
__heap_base 00000000

Symbol: __heap_base
   Definitions
      At line 45 in file startup.s
   Uses
      At line 322 in file startup.s
Comment: __heap_base used once
__heap_limit 00000200

Symbol: __heap_limit
   Definitions
      At line 47 in file startup.s
   Uses
      At line 323 in file startup.s
Comment: __heap_limit used once
4 symbols



ARM Macro Assembler    Page 1 Alphabetic symbol ordering
Relocatable symbols

RESET 00000000

Symbol: RESET
   Definitions
      At line 56 in file startup.s
   Uses
      None
Comment: RESET unused
__Vectors 00000000

Symbol: __Vectors
   Definitions
      At line 59 in file startup.s
   Uses
      At line 57 in file startup.s
Comment: __Vectors used once
2 symbols



ARM Macro Assembler    Page 1 Alphabetic symbol ordering
Relocatable symbols

.ARM.__at_0x02FC 00000000

Symbol: .ARM.__at_0x02FC
   Definitions
      At line 115 in file startup.s
   Uses
      None
Comment: .ARM.__at_0x02FC unused
CRP_Key 00000000

Symbol: CRP_Key
   Definitions
      At line 116 in file startup.s
   Uses
      None
Comment: CRP_Key unused
2 symbols



ARM Macro Assembler    Page 1 Alphabetic symbol ordering
Relocatable symbols

Consumo 00000000

Symbol: Consumo
   Definitions
      At line 124 in file startup.s
   Uses
      At line 145 in file startup.s
      At line 164 in file startup.s
      At line 175 in file startup.s

dati 00000000

Symbol: dati
   Definitions
      At line 123 in file startup.s
   Uses
      None
Comment: dati unused
2 symbols



ARM Macro Assembler    Page 1 Alphabetic symbol ordering
Relocatable symbols

.text 00000000

Symbol: .text
   Definitions
      At line 127 in file startup.s
   Uses
      None
Comment: .text unused
ADC_IRQHandler 000010F2

Symbol: ADC_IRQHandler
   Definitions
      At line 297 in file startup.s
   Uses
      At line 99 in file startup.s
      At line 261 in file startup.s

BOD_IRQHandler 000010F2

Symbol: BOD_IRQHandler
   Definitions
      At line 298 in file startup.s
   Uses
      At line 100 in file startup.s
      At line 262 in file startup.s

BusFault_Handler 000010E6

Symbol: BusFault_Handler
   Definitions
      At line 210 in file startup.s
   Uses
      At line 64 in file startup.s
      At line 211 in file startup.s

CANActivity_IRQHandler 000010F2

Symbol: CANActivity_IRQHandler
   Definitions
      At line 309 in file startup.s
   Uses
      At line 111 in file startup.s
      At line 273 in file startup.s

CAN_IRQHandler 000010F2

Symbol: CAN_IRQHandler
   Definitions
      At line 300 in file startup.s
   Uses
      At line 102 in file startup.s
      At line 264 in file startup.s

Calories_food 00000008

Symbol: Calories_food
   Definitions
      At line 130 in file startup.s
   Uses



ARM Macro Assembler    Page 2 Alphabetic symbol ordering
Relocatable symbols

      At line 143 in file startup.s
Comment: Calories_food used once
Calories_sport 00000040

Symbol: Calories_sport
   Definitions
      At line 132 in file startup.s
   Uses
      At line 158 in file startup.s
Comment: Calories_sport used once
DMA_IRQHandler 000010F2

Symbol: DMA_IRQHandler
   Definitions
      At line 301 in file startup.s
   Uses
      At line 103 in file startup.s
      At line 265 in file startup.s

Days 00000000

Symbol: Days
   Definitions
      At line 129 in file startup.s
   Uses
      None
Comment: Days unused
DebugMon_Handler 000010EC

Symbol: DebugMon_Handler
   Definitions
      At line 224 in file startup.s
   Uses
      At line 71 in file startup.s
      At line 225 in file startup.s

Default_Handler 000010F2

Symbol: Default_Handler
   Definitions
      At line 237 in file startup.s
   Uses
      None
Comment: Default_Handler unused
EINT0_IRQHandler 000010F2

Symbol: EINT0_IRQHandler
   Definitions
      At line 293 in file startup.s
   Uses
      At line 95 in file startup.s
      At line 257 in file startup.s

EINT1_IRQHandler 000010F2

Symbol: EINT1_IRQHandler
   Definitions
      At line 294 in file startup.s
   Uses



ARM Macro Assembler    Page 3 Alphabetic symbol ordering
Relocatable symbols

      At line 96 in file startup.s
      At line 258 in file startup.s

EINT2_IRQHandler 000010F2

Symbol: EINT2_IRQHandler
   Definitions
      At line 295 in file startup.s
   Uses
      At line 97 in file startup.s
      At line 259 in file startup.s

EINT3_IRQHandler 000010F2

Symbol: EINT3_IRQHandler
   Definitions
      At line 296 in file startup.s
   Uses
      At line 98 in file startup.s
      At line 260 in file startup.s

ENET_IRQHandler 000010F2

Symbol: ENET_IRQHandler
   Definitions
      At line 303 in file startup.s
   Uses
      At line 105 in file startup.s
      At line 267 in file startup.s

HardFault_Handler 000010DE

Symbol: HardFault_Handler
   Definitions
      At line 198 in file startup.s
   Uses
      At line 62 in file startup.s
      At line 199 in file startup.s

I2C0_IRQHandler 000010F2

Symbol: I2C0_IRQHandler
   Definitions
      At line 285 in file startup.s
   Uses
      At line 87 in file startup.s
      At line 249 in file startup.s

I2C1_IRQHandler 000010F2

Symbol: I2C1_IRQHandler
   Definitions
      At line 286 in file startup.s
   Uses
      At line 88 in file startup.s
      At line 250 in file startup.s

I2C2_IRQHandler 000010F2




ARM Macro Assembler    Page 4 Alphabetic symbol ordering
Relocatable symbols

Symbol: I2C2_IRQHandler
   Definitions
      At line 287 in file startup.s
   Uses
      At line 89 in file startup.s
      At line 251 in file startup.s

I2S_IRQHandler 000010F2

Symbol: I2S_IRQHandler
   Definitions
      At line 302 in file startup.s
   Uses
      At line 104 in file startup.s
      At line 266 in file startup.s

MCPWM_IRQHandler 000010F2

Symbol: MCPWM_IRQHandler
   Definitions
      At line 305 in file startup.s
   Uses
      At line 107 in file startup.s
      At line 269 in file startup.s

MemManage_Handler 000010E4

Symbol: MemManage_Handler
   Definitions
      At line 205 in file startup.s
   Uses
      At line 63 in file startup.s
      At line 206 in file startup.s

NMI_Handler 000010DC

Symbol: NMI_Handler
   Definitions
      At line 193 in file startup.s
   Uses
      At line 61 in file startup.s
      At line 194 in file startup.s

Num_days 00000058

Symbol: Num_days
   Definitions
      At line 134 in file startup.s
   Uses
      None
Comment: Num_days unused
Num_days_sport 00000059

Symbol: Num_days_sport
   Definitions
      At line 135 in file startup.s
   Uses
      None
Comment: Num_days_sport unused



ARM Macro Assembler    Page 5 Alphabetic symbol ordering
Relocatable symbols

PLL0_IRQHandler 000010F2

Symbol: PLL0_IRQHandler
   Definitions
      At line 291 in file startup.s
   Uses
      At line 93 in file startup.s
      At line 255 in file startup.s

PLL1_IRQHandler 000010F2

Symbol: PLL1_IRQHandler
   Definitions
      At line 307 in file startup.s
   Uses
      At line 109 in file startup.s
      At line 271 in file startup.s

PWM1_IRQHandler 000010F2

Symbol: PWM1_IRQHandler
   Definitions
      At line 284 in file startup.s
   Uses
      At line 86 in file startup.s
      At line 248 in file startup.s

PendSV_Handler 000010EE

Symbol: PendSV_Handler
   Definitions
      At line 228 in file startup.s
   Uses
      At line 73 in file startup.s
      At line 229 in file startup.s

QEI_IRQHandler 000010F2

Symbol: QEI_IRQHandler
   Definitions
      At line 306 in file startup.s
   Uses
      At line 108 in file startup.s
      At line 270 in file startup.s

RIT_IRQHandler 000010F2

Symbol: RIT_IRQHandler
   Definitions
      At line 304 in file startup.s
   Uses
      At line 106 in file startup.s
      At line 268 in file startup.s

RTC_IRQHandler 000010F2

Symbol: RTC_IRQHandler
   Definitions
      At line 292 in file startup.s



ARM Macro Assembler    Page 6 Alphabetic symbol ordering
Relocatable symbols

   Uses
      At line 94 in file startup.s
      At line 256 in file startup.s

Reset_Handler 0000005A

Symbol: Reset_Handler
   Definitions
      At line 137 in file startup.s
   Uses
      At line 60 in file startup.s
      At line 138 in file startup.s

SPI_IRQHandler 000010F2

Symbol: SPI_IRQHandler
   Definitions
      At line 288 in file startup.s
   Uses
      At line 90 in file startup.s
      At line 252 in file startup.s

SSP0_IRQHandler 000010F2

Symbol: SSP0_IRQHandler
   Definitions
      At line 289 in file startup.s
   Uses
      At line 91 in file startup.s
      At line 253 in file startup.s

SSP1_IRQHandler 000010F2

Symbol: SSP1_IRQHandler
   Definitions
      At line 290 in file startup.s
   Uses
      At line 92 in file startup.s
      At line 254 in file startup.s

SVC_Handler 000010EA

Symbol: SVC_Handler
   Definitions
      At line 219 in file startup.s
   Uses
      At line 70 in file startup.s
      At line 220 in file startup.s

SysTick_Handler 000010F0

Symbol: SysTick_Handler
   Definitions
      At line 232 in file startup.s
   Uses
      At line 74 in file startup.s
      At line 233 in file startup.s

TIMER0_IRQHandler 000010F2



ARM Macro Assembler    Page 7 Alphabetic symbol ordering
Relocatable symbols


Symbol: TIMER0_IRQHandler
   Definitions
      At line 276 in file startup.s
   Uses
      At line 78 in file startup.s
      At line 240 in file startup.s

TIMER1_IRQHandler 000010F2

Symbol: TIMER1_IRQHandler
   Definitions
      At line 277 in file startup.s
   Uses
      At line 79 in file startup.s
      At line 241 in file startup.s

TIMER2_IRQHandler 000010F2

Symbol: TIMER2_IRQHandler
   Definitions
      At line 278 in file startup.s
   Uses
      At line 80 in file startup.s
      At line 242 in file startup.s

TIMER3_IRQHandler 000010F2

Symbol: TIMER3_IRQHandler
   Definitions
      At line 279 in file startup.s
   Uses
      At line 81 in file startup.s
      At line 243 in file startup.s

UART0_IRQHandler 000010F2

Symbol: UART0_IRQHandler
   Definitions
      At line 280 in file startup.s
   Uses
      At line 82 in file startup.s
      At line 244 in file startup.s

UART1_IRQHandler 000010F2

Symbol: UART1_IRQHandler
   Definitions
      At line 281 in file startup.s
   Uses
      At line 83 in file startup.s
      At line 245 in file startup.s

UART2_IRQHandler 000010F2

Symbol: UART2_IRQHandler
   Definitions
      At line 282 in file startup.s
   Uses



ARM Macro Assembler    Page 8 Alphabetic symbol ordering
Relocatable symbols

      At line 84 in file startup.s
      At line 246 in file startup.s

UART3_IRQHandler 000010F2

Symbol: UART3_IRQHandler
   Definitions
      At line 283 in file startup.s
   Uses
      At line 85 in file startup.s
      At line 247 in file startup.s

USBActivity_IRQHandler 000010F2

Symbol: USBActivity_IRQHandler
   Definitions
      At line 308 in file startup.s
   Uses
      At line 110 in file startup.s
      At line 272 in file startup.s

USB_IRQHandler 000010F2

Symbol: USB_IRQHandler
   Definitions
      At line 299 in file startup.s
   Uses
      At line 101 in file startup.s
      At line 263 in file startup.s

UsageFault_Handler 000010E8

Symbol: UsageFault_Handler
   Definitions
      At line 215 in file startup.s
   Uses
      At line 65 in file startup.s
      At line 216 in file startup.s

WDT_IRQHandler 000010F2

Symbol: WDT_IRQHandler
   Definitions
      At line 275 in file startup.s
   Uses
      At line 77 in file startup.s
      At line 239 in file startup.s

riempi 00000068

Symbol: riempi
   Definitions
      At line 145 in file startup.s
   Uses
      At line 154 in file startup.s
Comment: riempi used once
sottrai 0000008E

Symbol: sottrai



ARM Macro Assembler    Page 9 Alphabetic symbol ordering
Relocatable symbols

   Definitions
      At line 160 in file startup.s
   Uses
      At line 171 in file startup.s
Comment: sottrai used once
stop 000000CE

Symbol: stop
   Definitions
      At line 185 in file startup.s
   Uses
      None
Comment: stop unused
verifica 000000BA

Symbol: verifica
   Definitions
      At line 177 in file startup.s
   Uses
      At line 182 in file startup.s
Comment: verifica used once
56 symbols



ARM Macro Assembler    Page 1 Alphabetic symbol ordering
Absolute symbols

Heap_Size 00000200

Symbol: Heap_Size
   Definitions
      At line 42 in file startup.s
   Uses
      At line 46 in file startup.s
Comment: Heap_Size used once
Stack_Size 00000200

Symbol: Stack_Size
   Definitions
      At line 31 in file startup.s
   Uses
      At line 34 in file startup.s
Comment: Stack_Size used once
2 symbols
410 symbols in table
