


ARM Macro Assembler    Page 1 


    1 00000000         ;/******************************************************
                       ********************//**
    2 00000000         ; * @file     startup_LPC17xx.s
    3 00000000         ; * @brief    CMSIS Cortex-M3 Core Device Startup File f
                       or
    4 00000000         ; *           NXP LPC17xx Device Series
    5 00000000         ; * @version  V1.10
    6 00000000         ; * @date     06. April 2011
    7 00000000         ; *
    8 00000000         ; * @note
    9 00000000         ; * Copyright (C) 2009-2011 ARM Limited. All rights rese
                       rved.
   10 00000000         ; *
   11 00000000         ; * @par
   12 00000000         ; * ARM Limited (ARM) is supplying this software for use
                        with Cortex-M
   13 00000000         ; * processor based microcontrollers.  This file can be 
                       freely distributed
   14 00000000         ; * within development tools that are supporting such AR
                       M based processors.
   15 00000000         ; *
   16 00000000         ; * @par
   17 00000000         ; * THIS SOFTWARE IS PROVIDED "AS IS".  NO WARRANTIES, W
                       HETHER EXPRESS, IMPLIED
   18 00000000         ; * OR STATUTORY, INCLUDING, BUT NOT LIMITED TO, IMPLIED
                        WARRANTIES OF
   19 00000000         ; * MERCHANTABILITY AND FITNESS FOR A PARTICULAR PURPOSE
                        APPLY TO THIS SOFTWARE.
   20 00000000         ; * ARM SHALL NOT, IN ANY CIRCUMSTANCES, BE LIABLE FOR S
                       PECIAL, INCIDENTAL, OR
   21 00000000         ; * CONSEQUENTIAL DAMAGES, FOR ANY REASON WHATSOEVER.
   22 00000000         ; *
   23 00000000         ; ******************************************************
                       ************************/
   24 00000000         
   25 00000000         ; *------- <<< Use Configuration Wizard in Context Menu 
                       >>> ------------------
   26 00000000         
   27 00000000         ; <h> Stack Configuration
   28 00000000         ;   <o> Stack Size (in Bytes) <0x0-0xFFFFFFFF:8>
   29 00000000         ; </h>
   30 00000000         
   31 00000000 00000200 
                       Stack_Size
                               EQU              0x00000200
   32 00000000         
   33 00000000                 AREA             STACK, NOINIT, READWRITE, ALIGN
=3
   34 00000000         Stack_Mem
                               SPACE            Stack_Size
   35 00000200         __initial_sp
   36 00000200         
   37 00000200         
   38 00000200         ; <h> Heap Configuration
   39 00000200         ;   <o>  Heap Size (in Bytes) <0x0-0xFFFFFFFF:8>
   40 00000200         ; </h>
   41 00000200         
   42 00000200 00000200 
                       Heap_Size



ARM Macro Assembler    Page 2 


                               EQU              0x00000200
   43 00000200         
   44 00000200                 AREA             HEAP, NOINIT, READWRITE, ALIGN=
3 
                                                            ; 2*3
   45 00000000         __heap_base
   46 00000000         Heap_Mem
                               SPACE            Heap_Size
   47 00000200         __heap_limit
   48 00000200         
   49 00000200         
   50 00000200                 PRESERVE8
   51 00000200                 THUMB
   52 00000200         
   53 00000200         
   54 00000200         ; Vector Table Mapped to Address 0 at Reset
   55 00000200         
   56 00000200                 AREA             RESET, DATA, READONLY
   57 00000000                 EXPORT           __Vectors
   58 00000000         
   59 00000000 00000000 
                       __Vectors
                               DCD              __initial_sp ; Top of Stack
   60 00000004 00000000        DCD              Reset_Handler ; Reset Handler
   61 00000008 00000000        DCD              NMI_Handler ; NMI Handler
   62 0000000C 00000000        DCD              HardFault_Handler ; Hard Fault 
                                                            Handler
   63 00000010 00000000        DCD              MemManage_Handler 
                                                            ; MPU Fault Handler
                                                            
   64 00000014 00000000        DCD              BusFault_Handler 
                                                            ; Bus Fault Handler
                                                            
   65 00000018 00000000        DCD              UsageFault_Handler ; Usage Faul
                                                            t Handler
   66 0000001C 00000000        DCD              0           ; Reserved
   67 00000020 00000000        DCD              0           ; Reserved
   68 00000024 00000000        DCD              0           ; Reserved
   69 00000028 00000000        DCD              0           ; Reserved
   70 0000002C 00000000        DCD              SVC_Handler ; SVCall Handler
   71 00000030 00000000        DCD              DebugMon_Handler ; Debug Monito
                                                            r Handler
   72 00000034 00000000        DCD              0           ; Reserved
   73 00000038 00000000        DCD              PendSV_Handler ; PendSV Handler
                                                            
   74 0000003C 00000000        DCD              SysTick_Handler 
                                                            ; SysTick Handler
   75 00000040         
   76 00000040         ; External Interrupts
   77 00000040 00000000        DCD              WDT_IRQHandler ; 16: Watchdog T
                                                            imer
   78 00000044 00000000        DCD              TIMER0_IRQHandler ; 17: Timer0
   79 00000048 00000000        DCD              TIMER1_IRQHandler ; 18: Timer1
   80 0000004C 00000000        DCD              TIMER2_IRQHandler ; 19: Timer2
   81 00000050 00000000        DCD              TIMER3_IRQHandler ; 20: Timer3
   82 00000054 00000000        DCD              UART0_IRQHandler ; 21: UART0
   83 00000058 00000000        DCD              UART1_IRQHandler ; 22: UART1
   84 0000005C 00000000        DCD              UART2_IRQHandler ; 23: UART2
   85 00000060 00000000        DCD              UART3_IRQHandler ; 24: UART3



ARM Macro Assembler    Page 3 


   86 00000064 00000000        DCD              PWM1_IRQHandler ; 25: PWM1
   87 00000068 00000000        DCD              I2C0_IRQHandler ; 26: I2C0
   88 0000006C 00000000        DCD              I2C1_IRQHandler ; 27: I2C1
   89 00000070 00000000        DCD              I2C2_IRQHandler ; 28: I2C2
   90 00000074 00000000        DCD              SPI_IRQHandler ; 29: SPI
   91 00000078 00000000        DCD              SSP0_IRQHandler ; 30: SSP0
   92 0000007C 00000000        DCD              SSP1_IRQHandler ; 31: SSP1
   93 00000080 00000000        DCD              PLL0_IRQHandler ; 32: PLL0 Lock
                                                             (Main PLL)
   94 00000084 00000000        DCD              RTC_IRQHandler ; 33: Real Time 
                                                            Clock
   95 00000088 00000000        DCD              EINT0_IRQHandler ; 34: External
                                                             Interrupt 0
   96 0000008C 00000000        DCD              EINT1_IRQHandler ; 35: External
                                                             Interrupt 1
   97 00000090 00000000        DCD              EINT2_IRQHandler ; 36: External
                                                             Interrupt 2
   98 00000094 00000000        DCD              EINT3_IRQHandler ; 37: External
                                                             Interrupt 3
   99 00000098 00000000        DCD              ADC_IRQHandler 
                                                            ; 38: A/D Converter
                                                            
  100 0000009C 00000000        DCD              BOD_IRQHandler ; 39: Brown-Out 
                                                            Detect
  101 000000A0 00000000        DCD              USB_IRQHandler ; 40: USB
  102 000000A4 00000000        DCD              CAN_IRQHandler ; 41: CAN
  103 000000A8 00000000        DCD              DMA_IRQHandler ; 42: General Pu
                                                            rpose DMA
  104 000000AC 00000000        DCD              I2S_IRQHandler ; 43: I2S
  105 000000B0 00000000        DCD              ENET_IRQHandler ; 44: Ethernet
  106 000000B4 00000000        DCD              RIT_IRQHandler ; 45: Repetitive
                                                             Interrupt Timer
  107 000000B8 00000000        DCD              MCPWM_IRQHandler ; 46: Motor Co
                                                            ntrol PWM
  108 000000BC 00000000        DCD              QEI_IRQHandler ; 47: Quadrature
                                                             Encoder Interface
  109 000000C0 00000000        DCD              PLL1_IRQHandler ; 48: PLL1 Lock
                                                             (USB PLL)
  110 000000C4 00000000        DCD              USBActivity_IRQHandler ; 49: US
                                                            B Activity interrup
                                                            t to wakeup
  111 000000C8 00000000        DCD              CANActivity_IRQHandler ; 50: CA
                                                            N Activity interrup
                                                            t to wakeup
  112 000000CC         
  113 000000CC         
  114 000000CC                 IF               :LNOT::DEF:NO_CRP
  115 000000CC                 AREA             |.ARM.__at_0x02FC|, CODE, READO
NLY
  116 00000000 FFFFFFFF 
                       CRP_Key DCD              0xFFFFFFFF
  117 00000004                 ENDIF
  118 00000004         
  119 00000004         
  120 00000004        2 
                       var     RN               2
  121 00000004                 AREA             dati, DATA, READWRITE, ALIGN=2
  122 00000000 00 00 00 
              00 00 00 



ARM Macro Assembler    Page 4 


              00 00 00 
              00 00 00 
              00 00 00 
              00 00 00 
              00 00 00 
              00 00 00 
              00 00 00 
              00       Calories_food_ordered
                               SPACE            28
  123 0000001C 00 00 00 
              00 00 00 
              00 00 00 
              00 00 00 Calories_sport_ordered
                               SPACE            12
  124 00000028 00 00 00 
              00 00 00 
              00 00 00 
              00 00 00 
              00 00 00 
              00 00 00 
              00 00 00 
              00 00 00 
              00 00 00 
              00       Consumo SPACE            28
  125 00000044         
  126 00000044                 AREA             |.text|, CODE, READONLY
  127 00000000         ; Reset Handler
  128 00000000 01 02 03 
              04 05 06 
              07       Days    DCB              0x01, 0x02, 0x03, 0x04, 0x05, 0
x06, 0x07
  129 00000007 00 00000006 
              00000514 
              00000003 
              000006A4 
              00000002 
              000004B0 
              00000004 
              0000076C Calories_food
                               DCD              0x06, 1300, 0x03, 1700, 0x02, 1
200, 0x04, 1900
  130 00000028 00000005 
              00000456 
              00000001 
              00000686 
              00000007 
              000003E8         DCD              0x05, 1110, 0x01, 1670, 0x07, 1
000
  131 00000040 00000002 
              000001F4 
              00000005 
              00000320 
              00000006 
              00000190 Calories_sport
                               DCD              0x02, 500, 0x05, 800, 0x06, 400
  132 00000058         
  133 00000058 07      Num_days
                               DCB              7
  134 00000059 03      Num_days_sport



ARM Macro Assembler    Page 5 


                               DCB              3
  135 0000005A         Reset_Handler
                               PROC
  136 0000005A                 EXPORT           Reset_Handler             [WEAK
]
  137 0000005A         
  138 0000005A F81F 0004       LDRB             R0, Num_days
  139 0000005E F81F 9008       LDRB             R9, Num_days
  140 00000062 4A41            LDR              R2, =Calories_food+4
  141 00000064 F8DF A100       LDR              R10, =Calories_food+4
  142 00000068 F8DF B100       LDR              R11, =Calories_food_ordered
  143 0000006C F7FF FFFE       BL               ordinamento
  144 00000070         
  145 00000070 F81F 001B       LDRB             R0, Num_days_sport
  146 00000074 F81F 901F       LDRB             R9, Num_days_sport
  147 00000078 4A3D            LDR              R2, =Calories_sport+4
  148 0000007A F8DF A0F4       LDR              R10, =Calories_sport+4
  149 0000007E F8DF B0F4       LDR              R11, =Calories_sport_ordered
  150 00000082 F7FF FFFE       BL               ordinamento
  151 00000086         ;verifico qual è il maggiore
  152 00000086 F04F 0007       MOV              R0, #0x7
  153 0000008A F04F 0100       MOV              R1, #0x0
  154 0000008E F04F 0204       MOV              R2, #4
  155 00000092 4C39            LDR              R4, =Calories_food ;inserisco i
                                                            n R4 l'indirizzo ch
                                                            e puntava Calories_
                                                            food
  156 00000094         
  157 00000094 4B39    riempi  LDR              R3, =Consumo ;prendo ogni volta
                                                             il valore del prim
                                                            o giorno
  158 00000096 6825            LDR              R5, [R4]    ;inserisco in R5 il
                                                             valore all'indiriz
                                                            zo che si trovava i
                                                            n R4
  159 00000098 EA4F 0685       LSL              R6, R5, #2  ;moltiplico il byte
                                                             giorno per 4 e tro
                                                            vare l'indice in co
                                                            nsumo
  160 0000009C F1A6 0604       SUB              R6, R6, #4  ;sottraggo il primo
                                                             giorno per trovare
                                                             l'indice corretto 
                                                            del giorno
  161 000000A0 4433            ADD              R3, R3, R6  ;vado all'indice di
                                                             consumo corretto
  162 000000A2 F854 5F04       LDR              R5, [R4, #4]! ;metto in R5 il v
                                                            alore di calorie re
                                                            lative al giorno
  163 000000A6 601D            STR              R5, [R3]    ;metto il valore ne
                                                            llo spazio
  164 000000A8 F104 0404       ADD              R4, R4, #4  ;vado avanti nel ve
                                                            ttore Calories_food
                                                            
  165 000000AC 1E40            SUBS             R0, R0, #1  ;se faccio 6 iteraz
                                                            ioni ho finito i gi
                                                            orni
  166 000000AE D1F1            BNE              riempi
  167 000000B0         
  168 000000B0 F04F 0003       MOV              R0, #0x3



ARM Macro Assembler    Page 6 


  169 000000B4 F04F 0100       MOV              R1, #0x0
  170 000000B8 4A31            LDR              R2, =Calories_sport
  171 000000BA         
  172 000000BA 6814    sottrai LDR              R4, [R2]    ;Carico il primo va
                                                            lore in R4
  173 000000BC EA4F 0584       LSL              R5, R4, #2  ;moltiplico il byte
                                                             giorno per 4 e tro
                                                            vare l'indice in co
                                                            nsumo
  174 000000C0 F1A5 0504       SUB              R5, R5, #4  ;sottraggo il primo
                                                             giorno per trovare
                                                             l'indice corretto 
                                                            del giorno
  175 000000C4 F852 6F04       LDR              R6, [R2, #4]!
  176 000000C8 4B2C            LDR              R3, =Consumo ;Prendo il primo i
                                                            n consumo
  177 000000CA 442B            ADD              R3, R3, R5  ;aggiorno valore in
                                                            dirizzo vettore
  178 000000CC 681F            LDR              R7, [R3]    ;prendo il valore r
                                                            elativo al giorno
  179 000000CE EBA7 0706       SUB              R7, R7, R6
  180 000000D2 601F            STR              R7, [R3]
  181 000000D4 F102 0204       ADD              R2, R2, #4  ;vado avanti nel ve
                                                            ttore Calories_spor
                                                            t
  182 000000D8 1E40            SUBS             R0, R0, #1
  183 000000DA D1EE            BNE              sottrai
  184 000000DC         
  185 000000DC F06F 4070       MOV              R0, #0x0FFFFFFF
  186 000000E0 F04F 0407       MOV              R4, #0x7
  187 000000E4 F04F 0B00       MOV              R11, #0x0
  188 000000E8 4924            LDR              R1, =Consumo
  189 000000EA 4A24            LDR              R2, =Consumo
  190 000000EC         
  191 000000EC 6813    min     LDR              R3, [R2]
  192 000000EE F102 0204       ADD              R2, R2, #4
  193 000000F2 4283            CMP              R3, R0
  194 000000F4 BFBE 4618       MOVLT            R0, R3
  195 000000F8 EBA2 0B01       SUBLT            R11, R2 ,R1
  196 000000FC EA4F 0B9B       LSRLT            R11, #2
  197 00000100 1E64            SUBS             R4, R4, #1
  198 00000102 D1F3            BNE              min
  199 00000104         
  200 00000104 4700    stop    BX               R0
  201 00000106                 ENDP
  202 00000106         
  203 00000106         ; Dummy Exception Handlers (infinite loops which can be 
                       modified)
  204 00000106         ordinamento
                               PROC
  205 00000106 B500            PUSH             {LR}
  206 00000108 6813    ricomincia
                               LDR              R3, [R2]    ;carico in R3 il va
                                                            lore
  207 0000010A F04F 0600       MOV              R6, #0      ;aggiorno variabili
                                                            
  208 0000010E 4649            MOV              R1, R9      ;aggiorno variabili
                                                            
  209 00000110 4654            MOV              R4, R10     ;carica il primo in



ARM Macro Assembler    Page 7 


                                                            dirizzo 
  210 00000112         
  211 00000112 6825    calcola LDR              R5, [R4]    ;carica il valore
  212 00000114 429D            CMP              R5, R3      ;verifica se il val
                                                            ore è più grande 
  213 00000116 F104 0408       ADD              R4, R4, #8
  214 0000011A BFC8 1C76       ADDGT            R6, R6, #1
  215 0000011E 1E49            SUBS             R1, R1, #1
  216 00000120 D1F7            BNE              calcola     ;trova il numero de
                                                            i valori più grandi
                                                            
  217 00000122         
  218 00000122 465F            MOV              R7, R11     ;metto nel registro
                                                             R7 l'indirizzo del
                                                             primo del vettore 
                                                            su cui iterare
  219 00000124 EA4F 0686       LSL              R6, R6, #2
  220 00000128 4437            ADD              R7, R7, R6  ;trovo indirizzo co
                                                            rretto dove inserir
                                                            e valore
  221 0000012A         
  222 0000012A F8D7 8000 
                       trovaposizione
                               LDR              R8, [R7]    ;trova la posizione
                                                             corretta se ci son
                                                            o due dati uguali
  223 0000012E F1B8 0F00       CMP              R8, #0
  224 00000132 BF18 1D3F       ADDNE            R7, R7, #4
  225 00000136 D1F8            BNE              trovaposizione
  226 00000138 F1A2 0204       SUB              R2, R2, #4  ;prende il giorno
  227 0000013C F8D2 8000       LDR              R8, [R2]
  228 00000140 F8C7 8000       STR              R8, [R7]
  229 00000144 F102 020C       ADD              R2, R2, #12 ;si sposta la valor
                                                            e di calorie succes
                                                            sive
  230 00000148         
  231 00000148 1E40            SUBS             R0, R0, #1
  232 0000014A D1DD            BNE              ricomincia
  233 0000014C BD00            POP{PC}
  234 0000014E                 ENDP
  235 0000014E         
  236 0000014E         
  237 0000014E         
  238 0000014E         NMI_Handler
                               PROC
  239 0000014E                 EXPORT           NMI_Handler               [WEAK
]
  240 0000014E E7FE            B                .
  241 00000150                 ENDP
  243 00000150         HardFault_Handler
                               PROC
  244 00000150                 EXPORT           HardFault_Handler         [WEAK
]
  245 00000150         ; your code
  246 00000150 F040 0001       orr              r0,r0,#1
  247 00000154 4700            BX               r0
  248 00000156                 ENDP
  250 00000156         MemManage_Handler
                               PROC



ARM Macro Assembler    Page 8 


  251 00000156                 EXPORT           MemManage_Handler         [WEAK
]
  252 00000156 E7FE            B                .
  253 00000158                 ENDP
  255 00000158         BusFault_Handler
                               PROC
  256 00000158                 EXPORT           BusFault_Handler          [WEAK
]
  257 00000158 E7FE            B                .
  258 0000015A                 ENDP
  260 0000015A         UsageFault_Handler
                               PROC
  261 0000015A                 EXPORT           UsageFault_Handler        [WEAK
]
  262 0000015A E7FE            B                .
  263 0000015C                 ENDP
  264 0000015C         SVC_Handler
                               PROC
  265 0000015C                 EXPORT           SVC_Handler               [WEAK
]
  266 0000015C E7FE            B                .
  267 0000015E                 ENDP
  269 0000015E         DebugMon_Handler
                               PROC
  270 0000015E                 EXPORT           DebugMon_Handler          [WEAK
]
  271 0000015E E7FE            B                .
  272 00000160                 ENDP
  273 00000160         PendSV_Handler
                               PROC
  274 00000160                 EXPORT           PendSV_Handler            [WEAK
]
  275 00000160 E7FE            B                .
  276 00000162                 ENDP
  277 00000162         SysTick_Handler
                               PROC
  278 00000162                 EXPORT           SysTick_Handler           [WEAK
]
  279 00000162 E7FE            B                .
  280 00000164                 ENDP
  281 00000164         
  282 00000164         Default_Handler
                               PROC
  283 00000164         
  284 00000164                 EXPORT           WDT_IRQHandler            [WEAK
]
  285 00000164                 EXPORT           TIMER0_IRQHandler         [WEAK
]
  286 00000164                 EXPORT           TIMER1_IRQHandler         [WEAK
]
  287 00000164                 EXPORT           TIMER2_IRQHandler         [WEAK
]
  288 00000164                 EXPORT           TIMER3_IRQHandler         [WEAK
]
  289 00000164                 EXPORT           UART0_IRQHandler          [WEAK
]
  290 00000164                 EXPORT           UART1_IRQHandler          [WEAK
]
  291 00000164                 EXPORT           UART2_IRQHandler          [WEAK



ARM Macro Assembler    Page 9 


]
  292 00000164                 EXPORT           UART3_IRQHandler          [WEAK
]
  293 00000164                 EXPORT           PWM1_IRQHandler           [WEAK
]
  294 00000164                 EXPORT           I2C0_IRQHandler           [WEAK
]
  295 00000164                 EXPORT           I2C1_IRQHandler           [WEAK
]
  296 00000164                 EXPORT           I2C2_IRQHandler           [WEAK
]
  297 00000164                 EXPORT           SPI_IRQHandler            [WEAK
]
  298 00000164                 EXPORT           SSP0_IRQHandler           [WEAK
]
  299 00000164                 EXPORT           SSP1_IRQHandler           [WEAK
]
  300 00000164                 EXPORT           PLL0_IRQHandler           [WEAK
]
  301 00000164                 EXPORT           RTC_IRQHandler            [WEAK
]
  302 00000164                 EXPORT           EINT0_IRQHandler          [WEAK
]
  303 00000164                 EXPORT           EINT1_IRQHandler          [WEAK
]
  304 00000164                 EXPORT           EINT2_IRQHandler          [WEAK
]
  305 00000164                 EXPORT           EINT3_IRQHandler          [WEAK
]
  306 00000164                 EXPORT           ADC_IRQHandler            [WEAK
]
  307 00000164                 EXPORT           BOD_IRQHandler            [WEAK
]
  308 00000164                 EXPORT           USB_IRQHandler            [WEAK
]
  309 00000164                 EXPORT           CAN_IRQHandler            [WEAK
]
  310 00000164                 EXPORT           DMA_IRQHandler            [WEAK
]
  311 00000164                 EXPORT           I2S_IRQHandler            [WEAK
]
  312 00000164                 EXPORT           ENET_IRQHandler           [WEAK
]
  313 00000164                 EXPORT           RIT_IRQHandler            [WEAK
]
  314 00000164                 EXPORT           MCPWM_IRQHandler          [WEAK
]
  315 00000164                 EXPORT           QEI_IRQHandler            [WEAK
]
  316 00000164                 EXPORT           PLL1_IRQHandler           [WEAK
]
  317 00000164                 EXPORT           USBActivity_IRQHandler    [WEAK
]
  318 00000164                 EXPORT           CANActivity_IRQHandler    [WEAK
]
  319 00000164         
  320 00000164         WDT_IRQHandler
  321 00000164         TIMER0_IRQHandler
  322 00000164         TIMER1_IRQHandler



ARM Macro Assembler    Page 10 


  323 00000164         TIMER2_IRQHandler
  324 00000164         TIMER3_IRQHandler
  325 00000164         UART0_IRQHandler
  326 00000164         UART1_IRQHandler
  327 00000164         UART2_IRQHandler
  328 00000164         UART3_IRQHandler
  329 00000164         PWM1_IRQHandler
  330 00000164         I2C0_IRQHandler
  331 00000164         I2C1_IRQHandler
  332 00000164         I2C2_IRQHandler
  333 00000164         SPI_IRQHandler
  334 00000164         SSP0_IRQHandler
  335 00000164         SSP1_IRQHandler
  336 00000164         PLL0_IRQHandler
  337 00000164         RTC_IRQHandler
  338 00000164         EINT0_IRQHandler
  339 00000164         EINT1_IRQHandler
  340 00000164         EINT2_IRQHandler
  341 00000164         EINT3_IRQHandler
  342 00000164         ADC_IRQHandler
  343 00000164         BOD_IRQHandler
  344 00000164         USB_IRQHandler
  345 00000164         CAN_IRQHandler
  346 00000164         DMA_IRQHandler
  347 00000164         I2S_IRQHandler
  348 00000164         ENET_IRQHandler
  349 00000164         RIT_IRQHandler
  350 00000164         MCPWM_IRQHandler
  351 00000164         QEI_IRQHandler
  352 00000164         PLL1_IRQHandler
  353 00000164         USBActivity_IRQHandler
  354 00000164         CANActivity_IRQHandler
  355 00000164         
  356 00000164 E7FE            B                .
  357 00000166         
  358 00000166                 ENDP
  359 00000166         
  360 00000166         
  361 00000166 00 00           ALIGN
  362 00000168         
  363 00000168         
  364 00000168         ; User Initial Stack & Heap
  365 00000168         
  366 00000168                 EXPORT           __initial_sp
  367 00000168                 EXPORT           __heap_base
  368 00000168                 EXPORT           __heap_limit
  369 00000168         
  370 00000168                 END
              00000004 
              00000000 
              00000004 
              00000000 
              00000000 
              00000000 
              00000000 
Command Line: --debug --xref --diag_suppress=9931 --cpu=Cortex-M3 --apcs=interw
ork --depend=.\startup.d -o.\startup.o -I.\RTE\_Target_1 -IC:\Users\luigi\AppDa
ta\Local\Arm\Packs\ARM\CMSIS\5.9.0\CMSIS\Core\Include -IC:\Users\luigi\AppData\
Local\Arm\Packs\Keil\LPC1700_DFP\2.7.1\Device\Include --predefine="__EVAL SETA 



ARM Macro Assembler    Page 11 


1" --predefine="__UVISION_VERSION SETA 538" --predefine="_RTE_ SETA 1" --predef
ine="LPC175x_6x SETA 1" --predefine="_RTE_ SETA 1" --list=.\startup.lst startup
.s



ARM Macro Assembler    Page 1 Alphabetic symbol ordering
Relocatable symbols

STACK 00000000

Symbol: STACK
   Definitions
      At line 33 in file startup.s
   Uses
      None
Comment: STACK unused
Stack_Mem 00000000

Symbol: Stack_Mem
   Definitions
      At line 34 in file startup.s
   Uses
      None
Comment: Stack_Mem unused
__initial_sp 00000200

Symbol: __initial_sp
   Definitions
      At line 35 in file startup.s
   Uses
      At line 59 in file startup.s
      At line 366 in file startup.s

3 symbols



ARM Macro Assembler    Page 1 Alphabetic symbol ordering
Relocatable symbols

HEAP 00000000

Symbol: HEAP
   Definitions
      At line 44 in file startup.s
   Uses
      None
Comment: HEAP unused
Heap_Mem 00000000

Symbol: Heap_Mem
   Definitions
      At line 46 in file startup.s
   Uses
      None
Comment: Heap_Mem unused
__heap_base 00000000

Symbol: __heap_base
   Definitions
      At line 45 in file startup.s
   Uses
      At line 367 in file startup.s
Comment: __heap_base used once
__heap_limit 00000200

Symbol: __heap_limit
   Definitions
      At line 47 in file startup.s
   Uses
      At line 368 in file startup.s
Comment: __heap_limit used once
4 symbols



ARM Macro Assembler    Page 1 Alphabetic symbol ordering
Relocatable symbols

RESET 00000000

Symbol: RESET
   Definitions
      At line 56 in file startup.s
   Uses
      None
Comment: RESET unused
__Vectors 00000000

Symbol: __Vectors
   Definitions
      At line 59 in file startup.s
   Uses
      At line 57 in file startup.s
Comment: __Vectors used once
2 symbols



ARM Macro Assembler    Page 1 Alphabetic symbol ordering
Relocatable symbols

.ARM.__at_0x02FC 00000000

Symbol: .ARM.__at_0x02FC
   Definitions
      At line 115 in file startup.s
   Uses
      None
Comment: .ARM.__at_0x02FC unused
CRP_Key 00000000

Symbol: CRP_Key
   Definitions
      At line 116 in file startup.s
   Uses
      None
Comment: CRP_Key unused
2 symbols



ARM Macro Assembler    Page 1 Alphabetic symbol ordering
Relocatable symbols

Calories_food_ordered 00000000

Symbol: Calories_food_ordered
   Definitions
      At line 122 in file startup.s
   Uses
      At line 142 in file startup.s
Comment: Calories_food_ordered used once
Calories_sport_ordered 0000001C

Symbol: Calories_sport_ordered
   Definitions
      At line 123 in file startup.s
   Uses
      At line 149 in file startup.s
Comment: Calories_sport_ordered used once
Consumo 00000028

Symbol: Consumo
   Definitions
      At line 124 in file startup.s
   Uses
      At line 157 in file startup.s
      At line 176 in file startup.s
      At line 188 in file startup.s
      At line 189 in file startup.s

dati 00000000

Symbol: dati
   Definitions
      At line 121 in file startup.s
   Uses
      None
Comment: dati unused
4 symbols



ARM Macro Assembler    Page 1 Alphabetic symbol ordering
Relocatable symbols

.text 00000000

Symbol: .text
   Definitions
      At line 126 in file startup.s
   Uses
      None
Comment: .text unused
ADC_IRQHandler 00000164

Symbol: ADC_IRQHandler
   Definitions
      At line 342 in file startup.s
   Uses
      At line 99 in file startup.s
      At line 306 in file startup.s

BOD_IRQHandler 00000164

Symbol: BOD_IRQHandler
   Definitions
      At line 343 in file startup.s
   Uses
      At line 100 in file startup.s
      At line 307 in file startup.s

BusFault_Handler 00000158

Symbol: BusFault_Handler
   Definitions
      At line 255 in file startup.s
   Uses
      At line 64 in file startup.s
      At line 256 in file startup.s

CANActivity_IRQHandler 00000164

Symbol: CANActivity_IRQHandler
   Definitions
      At line 354 in file startup.s
   Uses
      At line 111 in file startup.s
      At line 318 in file startup.s

CAN_IRQHandler 00000164

Symbol: CAN_IRQHandler
   Definitions
      At line 345 in file startup.s
   Uses
      At line 102 in file startup.s
      At line 309 in file startup.s

Calories_food 00000008

Symbol: Calories_food
   Definitions
      At line 129 in file startup.s
   Uses



ARM Macro Assembler    Page 2 Alphabetic symbol ordering
Relocatable symbols

      At line 140 in file startup.s
      At line 141 in file startup.s
      At line 155 in file startup.s

Calories_sport 00000040

Symbol: Calories_sport
   Definitions
      At line 131 in file startup.s
   Uses
      At line 147 in file startup.s
      At line 148 in file startup.s
      At line 170 in file startup.s

DMA_IRQHandler 00000164

Symbol: DMA_IRQHandler
   Definitions
      At line 346 in file startup.s
   Uses
      At line 103 in file startup.s
      At line 310 in file startup.s

Days 00000000

Symbol: Days
   Definitions
      At line 128 in file startup.s
   Uses
      None
Comment: Days unused
DebugMon_Handler 0000015E

Symbol: DebugMon_Handler
   Definitions
      At line 269 in file startup.s
   Uses
      At line 71 in file startup.s
      At line 270 in file startup.s

Default_Handler 00000164

Symbol: Default_Handler
   Definitions
      At line 282 in file startup.s
   Uses
      None
Comment: Default_Handler unused
EINT0_IRQHandler 00000164

Symbol: EINT0_IRQHandler
   Definitions
      At line 338 in file startup.s
   Uses
      At line 95 in file startup.s
      At line 302 in file startup.s

EINT1_IRQHandler 00000164




ARM Macro Assembler    Page 3 Alphabetic symbol ordering
Relocatable symbols

Symbol: EINT1_IRQHandler
   Definitions
      At line 339 in file startup.s
   Uses
      At line 96 in file startup.s
      At line 303 in file startup.s

EINT2_IRQHandler 00000164

Symbol: EINT2_IRQHandler
   Definitions
      At line 340 in file startup.s
   Uses
      At line 97 in file startup.s
      At line 304 in file startup.s

EINT3_IRQHandler 00000164

Symbol: EINT3_IRQHandler
   Definitions
      At line 341 in file startup.s
   Uses
      At line 98 in file startup.s
      At line 305 in file startup.s

ENET_IRQHandler 00000164

Symbol: ENET_IRQHandler
   Definitions
      At line 348 in file startup.s
   Uses
      At line 105 in file startup.s
      At line 312 in file startup.s

HardFault_Handler 00000150

Symbol: HardFault_Handler
   Definitions
      At line 243 in file startup.s
   Uses
      At line 62 in file startup.s
      At line 244 in file startup.s

I2C0_IRQHandler 00000164

Symbol: I2C0_IRQHandler
   Definitions
      At line 330 in file startup.s
   Uses
      At line 87 in file startup.s
      At line 294 in file startup.s

I2C1_IRQHandler 00000164

Symbol: I2C1_IRQHandler
   Definitions
      At line 331 in file startup.s
   Uses
      At line 88 in file startup.s



ARM Macro Assembler    Page 4 Alphabetic symbol ordering
Relocatable symbols

      At line 295 in file startup.s

I2C2_IRQHandler 00000164

Symbol: I2C2_IRQHandler
   Definitions
      At line 332 in file startup.s
   Uses
      At line 89 in file startup.s
      At line 296 in file startup.s

I2S_IRQHandler 00000164

Symbol: I2S_IRQHandler
   Definitions
      At line 347 in file startup.s
   Uses
      At line 104 in file startup.s
      At line 311 in file startup.s

MCPWM_IRQHandler 00000164

Symbol: MCPWM_IRQHandler
   Definitions
      At line 350 in file startup.s
   Uses
      At line 107 in file startup.s
      At line 314 in file startup.s

MemManage_Handler 00000156

Symbol: MemManage_Handler
   Definitions
      At line 250 in file startup.s
   Uses
      At line 63 in file startup.s
      At line 251 in file startup.s

NMI_Handler 0000014E

Symbol: NMI_Handler
   Definitions
      At line 238 in file startup.s
   Uses
      At line 61 in file startup.s
      At line 239 in file startup.s

Num_days 00000058

Symbol: Num_days
   Definitions
      At line 133 in file startup.s
   Uses
      At line 138 in file startup.s
      At line 139 in file startup.s

Num_days_sport 00000059

Symbol: Num_days_sport



ARM Macro Assembler    Page 5 Alphabetic symbol ordering
Relocatable symbols

   Definitions
      At line 134 in file startup.s
   Uses
      At line 145 in file startup.s
      At line 146 in file startup.s

PLL0_IRQHandler 00000164

Symbol: PLL0_IRQHandler
   Definitions
      At line 336 in file startup.s
   Uses
      At line 93 in file startup.s
      At line 300 in file startup.s

PLL1_IRQHandler 00000164

Symbol: PLL1_IRQHandler
   Definitions
      At line 352 in file startup.s
   Uses
      At line 109 in file startup.s
      At line 316 in file startup.s

PWM1_IRQHandler 00000164

Symbol: PWM1_IRQHandler
   Definitions
      At line 329 in file startup.s
   Uses
      At line 86 in file startup.s
      At line 293 in file startup.s

PendSV_Handler 00000160

Symbol: PendSV_Handler
   Definitions
      At line 273 in file startup.s
   Uses
      At line 73 in file startup.s
      At line 274 in file startup.s

QEI_IRQHandler 00000164

Symbol: QEI_IRQHandler
   Definitions
      At line 351 in file startup.s
   Uses
      At line 108 in file startup.s
      At line 315 in file startup.s

RIT_IRQHandler 00000164

Symbol: RIT_IRQHandler
   Definitions
      At line 349 in file startup.s
   Uses
      At line 106 in file startup.s
      At line 313 in file startup.s



ARM Macro Assembler    Page 6 Alphabetic symbol ordering
Relocatable symbols


RTC_IRQHandler 00000164

Symbol: RTC_IRQHandler
   Definitions
      At line 337 in file startup.s
   Uses
      At line 94 in file startup.s
      At line 301 in file startup.s

Reset_Handler 0000005A

Symbol: Reset_Handler
   Definitions
      At line 135 in file startup.s
   Uses
      At line 60 in file startup.s
      At line 136 in file startup.s

SPI_IRQHandler 00000164

Symbol: SPI_IRQHandler
   Definitions
      At line 333 in file startup.s
   Uses
      At line 90 in file startup.s
      At line 297 in file startup.s

SSP0_IRQHandler 00000164

Symbol: SSP0_IRQHandler
   Definitions
      At line 334 in file startup.s
   Uses
      At line 91 in file startup.s
      At line 298 in file startup.s

SSP1_IRQHandler 00000164

Symbol: SSP1_IRQHandler
   Definitions
      At line 335 in file startup.s
   Uses
      At line 92 in file startup.s
      At line 299 in file startup.s

SVC_Handler 0000015C

Symbol: SVC_Handler
   Definitions
      At line 264 in file startup.s
   Uses
      At line 70 in file startup.s
      At line 265 in file startup.s

SysTick_Handler 00000162

Symbol: SysTick_Handler
   Definitions



ARM Macro Assembler    Page 7 Alphabetic symbol ordering
Relocatable symbols

      At line 277 in file startup.s
   Uses
      At line 74 in file startup.s
      At line 278 in file startup.s

TIMER0_IRQHandler 00000164

Symbol: TIMER0_IRQHandler
   Definitions
      At line 321 in file startup.s
   Uses
      At line 78 in file startup.s
      At line 285 in file startup.s

TIMER1_IRQHandler 00000164

Symbol: TIMER1_IRQHandler
   Definitions
      At line 322 in file startup.s
   Uses
      At line 79 in file startup.s
      At line 286 in file startup.s

TIMER2_IRQHandler 00000164

Symbol: TIMER2_IRQHandler
   Definitions
      At line 323 in file startup.s
   Uses
      At line 80 in file startup.s
      At line 287 in file startup.s

TIMER3_IRQHandler 00000164

Symbol: TIMER3_IRQHandler
   Definitions
      At line 324 in file startup.s
   Uses
      At line 81 in file startup.s
      At line 288 in file startup.s

UART0_IRQHandler 00000164

Symbol: UART0_IRQHandler
   Definitions
      At line 325 in file startup.s
   Uses
      At line 82 in file startup.s
      At line 289 in file startup.s

UART1_IRQHandler 00000164

Symbol: UART1_IRQHandler
   Definitions
      At line 326 in file startup.s
   Uses
      At line 83 in file startup.s
      At line 290 in file startup.s




ARM Macro Assembler    Page 8 Alphabetic symbol ordering
Relocatable symbols

UART2_IRQHandler 00000164

Symbol: UART2_IRQHandler
   Definitions
      At line 327 in file startup.s
   Uses
      At line 84 in file startup.s
      At line 291 in file startup.s

UART3_IRQHandler 00000164

Symbol: UART3_IRQHandler
   Definitions
      At line 328 in file startup.s
   Uses
      At line 85 in file startup.s
      At line 292 in file startup.s

USBActivity_IRQHandler 00000164

Symbol: USBActivity_IRQHandler
   Definitions
      At line 353 in file startup.s
   Uses
      At line 110 in file startup.s
      At line 317 in file startup.s

USB_IRQHandler 00000164

Symbol: USB_IRQHandler
   Definitions
      At line 344 in file startup.s
   Uses
      At line 101 in file startup.s
      At line 308 in file startup.s

UsageFault_Handler 0000015A

Symbol: UsageFault_Handler
   Definitions
      At line 260 in file startup.s
   Uses
      At line 65 in file startup.s
      At line 261 in file startup.s

WDT_IRQHandler 00000164

Symbol: WDT_IRQHandler
   Definitions
      At line 320 in file startup.s
   Uses
      At line 77 in file startup.s
      At line 284 in file startup.s

calcola 00000112

Symbol: calcola
   Definitions
      At line 211 in file startup.s



ARM Macro Assembler    Page 9 Alphabetic symbol ordering
Relocatable symbols

   Uses
      At line 216 in file startup.s
Comment: calcola used once
min 000000EC

Symbol: min
   Definitions
      At line 191 in file startup.s
   Uses
      At line 198 in file startup.s
Comment: min used once
ordinamento 00000106

Symbol: ordinamento
   Definitions
      At line 204 in file startup.s
   Uses
      At line 143 in file startup.s
      At line 150 in file startup.s

ricomincia 00000108

Symbol: ricomincia
   Definitions
      At line 206 in file startup.s
   Uses
      At line 232 in file startup.s
Comment: ricomincia used once
riempi 00000094

Symbol: riempi
   Definitions
      At line 157 in file startup.s
   Uses
      At line 166 in file startup.s
Comment: riempi used once
sottrai 000000BA

Symbol: sottrai
   Definitions
      At line 172 in file startup.s
   Uses
      At line 183 in file startup.s
Comment: sottrai used once
stop 00000104

Symbol: stop
   Definitions
      At line 200 in file startup.s
   Uses
      None
Comment: stop unused
trovaposizione 0000012A

Symbol: trovaposizione
   Definitions
      At line 222 in file startup.s
   Uses
      At line 225 in file startup.s



ARM Macro Assembler    Page 10 Alphabetic symbol ordering
Relocatable symbols

Comment: trovaposizione used once
60 symbols



ARM Macro Assembler    Page 1 Alphabetic symbol ordering
Absolute symbols

Heap_Size 00000200

Symbol: Heap_Size
   Definitions
      At line 42 in file startup.s
   Uses
      At line 46 in file startup.s
Comment: Heap_Size used once
Stack_Size 00000200

Symbol: Stack_Size
   Definitions
      At line 31 in file startup.s
   Uses
      At line 34 in file startup.s
Comment: Stack_Size used once
2 symbols
416 symbols in table
